manifest: 93 shape entries
  -> 40 (group, bitmask) entries with known fp
audit worklist: 25 polytopes (A4+B4+F4, non-regular, non-already-audited)
   A4 (0, 1, 0, 0)  rectified 5-cell
   A4 (1, 1, 0, 0)  truncated 5-cell
   A4 (1, 0, 1, 0)  cantellated 5-cell
   A4 (0, 1, 1, 0)  bitruncated 5-cell
   A4 (1, 1, 1, 0)  cantitruncated 5-cell
   A4 (1, 0, 0, 1)  runcinated 5-cell
   A4 (1, 1, 0, 1)  runcitruncated 5-cell
   A4 (1, 1, 1, 1)  omnitruncated 5-cell
   B4 (1, 1, 0, 0)  truncated tesseract
   B4 (0, 0, 1, 0)  24-cell
   B4 (1, 0, 1, 0)  cantellated tesseract
   B4 (0, 1, 1, 0)  bitruncated tesseract
   B4 (1, 1, 1, 0)  cantitruncated tesseract
   B4 (1, 0, 0, 1)  runcinated tesseract
   B4 (1, 1, 0, 1)  runcitruncated tesseract
   B4 (1, 0, 1, 1)  runcitruncated 16-cell
   B4 (1, 1, 1, 1)  omnitruncated tesseract
   F4 (0, 1, 0, 0)  rectified 24-cell
   F4 (1, 1, 0, 0)  truncated 24-cell
   F4 (1, 0, 1, 0)  cantellated 24-cell
   F4 (0, 1, 1, 0)  bitruncated 24-cell
   F4 (1, 1, 1, 0)  cantitruncated 24-cell
   F4 (1, 0, 0, 1)  runcinated 24-cell
   F4 (1, 1, 0, 1)  runcitruncated 24-cell
   F4 (1, 1, 1, 1)  omnitruncated 24-cell

Generating rng=2 directions...
  195312 dirs (0.6s)

[1/25] A4 (0, 1, 0, 0) rectified 5-cell  V=10 E=30  fp=4  manifest=4  new=0  miss=0  (12.4s)
[2/25] A4 (1, 1, 0, 0) truncated 5-cell  V=20 E=40  fp=4  manifest=4  new=0  miss=0  (13.8s)
[3/25] A4 (1, 0, 1, 0) cantellated 5-cell  V=30 E=90  fp=4  manifest=4  new=0  miss=0  (32.2s)
[4/25] A4 (0, 1, 1, 0) bitruncated 5-cell  V=30 E=60  fp=4  manifest=4  new=0  miss=0  (17.7s)
[5/25] A4 (1, 1, 1, 0) cantitruncated 5-cell  V=60 E=120  fp=7  manifest=4  new=3  miss=0  (37.1s) <<< NEW
[6/25] A4 (1, 0, 0, 1) runcinated 5-cell  V=20 E=60  fp=4  manifest=4  new=0  miss=0  (20.2s)
[7/25] A4 (1, 1, 0, 1) runcitruncated 5-cell  V=60 E=150  fp=6  manifest=4  new=2  miss=0  (53.4s) <<< NEW
[8/25] A4 (1, 1, 1, 1) omnitruncated 5-cell  V=120 E=240  fp=10  manifest=4  new=6  miss=0  (114.3s) <<< NEW
[9/25] B4 (1, 1, 0, 0) truncated tesseract  V=64 E=128  fp=3  manifest=3  new=0  miss=0  (50.3s)
[10/25] B4 (0, 0, 1, 0) 24-cell  V=24 E=96  fp=3  manifest=0  new=3  miss=0  (31.9s) <<< NEW
[11/25] B4 (1, 0, 1, 0) cantellated tesseract  V=96 E=288  fp=3  manifest=3  new=0  miss=0  (260.1s)
[12/25] B4 (0, 1, 1, 0) bitruncated tesseract  V=96 E=192  fp=8  manifest=3  new=5  miss=0  (86.6s) <<< NEW
[13/25] B4 (1, 1, 1, 0) cantitruncated tesseract  V=192 E=384  fp=3  manifest=3  new=0  miss=0  (932.7s)
[14/25] B4 (1, 0, 0, 1) runcinated tesseract  V=64 E=192  fp=3  manifest=3  new=0  miss=0  (91.0s)
[15/25] B4 (1, 1, 0, 1) runcitruncated tesseract  V=192 E=480  fp=3  manifest=3  new=0  miss=0  (1303.4s)
[16/25] B4 (1, 0, 1, 1) runcitruncated 16-cell  V=192 E=480  fp=3  manifest=3  new=0  miss=0  (1310.0s)
[17/25] B4 (1, 1, 1, 1) omnitruncated tesseract  V=384 E=768  fp=3  manifest=3  new=0  miss=0  (2153.3s)
[18/25] F4 (0, 1, 0, 0) rectified 24-cell  V=96 E=288  fp=5  manifest=1  new=4  miss=0  (184.0s) <<< NEW
[19/25] F4 (1, 1, 0, 0) truncated 24-cell  V=192 E=384  fp=6  manifest=1  new=5  miss=0  (880.6s) <<< NEW
[20/25] F4 (1, 0, 1, 0) cantellated 24-cell  V=288 E=864  fp=2  manifest=1  new=1  miss=0  (2758.0s) <<< NEW
[21/25] F4 (0, 1, 1, 0) bitruncated 24-cell  V=288 E=576  fp=1  manifest=1  new=0  miss=0  (1468.5s)
[22/25] F4 (1, 1, 1, 0) cantitruncated 24-cell  V=576 E=1152  fp=2  manifest=2  new=0  miss=0  (3881.1s)
[23/25] F4 (1, 0, 0, 1) runcinated 24-cell  V=144 E=576  fp=1  manifest=0  new=1  miss=0  (1485.2s) <<< NEW
[24/25] F4 (1, 1, 0, 1) runcitruncated 24-cell  V=576 E=1440  fp=2  manifest=1  new=1  miss=0  (5197.5s) <<< NEW
[25/25] F4 (1, 1, 1, 1) omnitruncated 24-cell  V=1152 E=2304  fp=1  manifest=1  new=0  miss=0  (10338.0s)

Total elapsed: 32713.4s
Wrote ongoing_work/blind_spot_audit_rng2.json
Summary: 10 polytopes have new fp; 31 new fp_hashes total.
