Loaded blind_spot_audit_rng2.json: 25 polytopes
Indexing corpus (output/wythoff_sweep + master regulars)...
  88 unique sigs across 88 files
  align ok, sig={'R': 72, 'B': 36, 'Y': 12}
  snap scale s=1.414214
  60 balls, 120 3D edges
  emitted: C:\Users\nanma\Documents\vZome\zomeable-4polytopes\ongoing_work\blind_spot_candidates\A4_1110_cantitruncated_5-cell\fp_1f76ff2f9476bd30.vZome
  strut counts: {'R': 72, 'B': 36, 'Y': 12}
  A4 (1, 1, 1, 0) cantitruncated 5-cell fp=1f76ff2f9476bd30  V=60 E=120  status=in_corpus_same_polytope  matches=1  (0.8s)
  align ok, sig={'R': 72, 'B': 36, 'Y': 12}
  snap scale s=1.414214
  60 balls, 120 3D edges
  emitted: C:\Users\nanma\Documents\vZome\zomeable-4polytopes\ongoing_work\blind_spot_candidates\A4_1110_cantitruncated_5-cell\fp_53a4d0700d7b99a8.vZome
  strut counts: {'R': 72, 'B': 36, 'Y': 12}
  A4 (1, 1, 1, 0) cantitruncated 5-cell fp=53a4d0700d7b99a8  V=60 E=120  status=in_corpus_same_polytope  matches=1  (0.4s)
  align ok, sig={'B': 36, 'R': 72, 'Y': 12}
  snap scale s=1.414214
  60 balls, 120 3D edges
  emitted: C:\Users\nanma\Documents\vZome\zomeable-4polytopes\ongoing_work\blind_spot_candidates\A4_1110_cantitruncated_5-cell\fp_85a806f8eed36575.vZome
  strut counts: {'B': 36, 'R': 72, 'Y': 12}
  A4 (1, 1, 1, 0) cantitruncated 5-cell fp=85a806f8eed36575  V=60 E=120  status=in_corpus_same_polytope  matches=1  (0.4s)
  align ok, sig={'R': 90, 'B': 45, 'Y': 15}
  snap scale s=1.414214
  60 balls, 150 3D edges
  emitted: C:\Users\nanma\Documents\vZome\zomeable-4polytopes\ongoing_work\blind_spot_candidates\A4_1101_runcitruncated_5-cell\fp_26f9c4de5c2f1294.vZome
  strut counts: {'R': 90, 'B': 45, 'Y': 15}
  A4 (1, 1, 0, 1) runcitruncated 5-cell fp=26f9c4de5c2f1294  V=60 E=150  status=in_corpus_same_polytope  matches=1  (0.5s)
  align ok, sig={'B': 45, 'R': 90, 'Y': 15}
  snap scale s=1.414214
  60 balls, 150 3D edges
  emitted: C:\Users\nanma\Documents\vZome\zomeable-4polytopes\ongoing_work\blind_spot_candidates\A4_1101_runcitruncated_5-cell\fp_70107e6dc613861a.vZome
  strut counts: {'B': 45, 'R': 90, 'Y': 15}
  A4 (1, 1, 0, 1) runcitruncated 5-cell fp=70107e6dc613861a  V=60 E=150  status=in_corpus_same_polytope  matches=1  (0.5s)
  align ok, sig={'R': 144, 'B': 72, 'Y': 24}
  snap scale s=1.414214
  120 balls, 240 3D edges
  emitted: C:\Users\nanma\Documents\vZome\zomeable-4polytopes\ongoing_work\blind_spot_candidates\A4_1111_omnitruncated_5-cell\fp_38f25a2cbb5d78e5.vZome
  strut counts: {'R': 144, 'B': 72, 'Y': 24}
  A4 (1, 1, 1, 1) omnitruncated 5-cell fp=38f25a2cbb5d78e5  V=120 E=240  status=in_corpus_same_polytope  matches=1  (0.8s)
  align ok, sig={'R': 96, 'Y': 96, 'B': 48}
  snap scale s=1.414214
  120 balls, 240 3D edges
  emitted: C:\Users\nanma\Documents\vZome\zomeable-4polytopes\ongoing_work\blind_spot_candidates\A4_1111_omnitruncated_5-cell\fp_600bccb09ef0a800.vZome
  strut counts: {'R': 96, 'Y': 96, 'B': 48}
  A4 (1, 1, 1, 1) omnitruncated 5-cell fp=600bccb09ef0a800  V=120 E=240  status=in_corpus_same_polytope  matches=1  (0.8s)
  align ok, sig={'B': 72, 'R': 144, 'Y': 24}
  snap scale s=1.414214
  120 balls, 240 3D edges
  emitted: C:\Users\nanma\Documents\vZome\zomeable-4polytopes\ongoing_work\blind_spot_candidates\A4_1111_omnitruncated_5-cell\fp_6d9784faf4fbe4b7.vZome
  strut counts: {'B': 72, 'R': 144, 'Y': 24}
  A4 (1, 1, 1, 1) omnitruncated 5-cell fp=6d9784faf4fbe4b7  V=120 E=240  status=in_corpus_same_polytope  matches=1  (0.7s)
  align ok, sig={'R': 144, 'B': 72, 'Y': 24}
  snap scale s=1.414214
  120 balls, 240 3D edges
  emitted: C:\Users\nanma\Documents\vZome\zomeable-4polytopes\ongoing_work\blind_spot_candidates\A4_1111_omnitruncated_5-cell\fp_9028dd62eb8e6a8a.vZome
  strut counts: {'R': 144, 'B': 72, 'Y': 24}
  A4 (1, 1, 1, 1) omnitruncated 5-cell fp=9028dd62eb8e6a8a  V=120 E=240  status=in_corpus_same_polytope  matches=1  (0.8s)
  align ok, sig={'B': 48, 'Y': 96, 'R': 96}
  snap scale s=1.414214
  120 balls, 240 3D edges
  emitted: C:\Users\nanma\Documents\vZome\zomeable-4polytopes\ongoing_work\blind_spot_candidates\A4_1111_omnitruncated_5-cell\fp_991048cd4e6f2d39.vZome
  strut counts: {'B': 48, 'Y': 96, 'R': 96}
  A4 (1, 1, 1, 1) omnitruncated 5-cell fp=991048cd4e6f2d39  V=120 E=240  status=in_corpus_same_polytope  matches=1  (0.7s)
  align ok, sig={'R': 96, 'Y': 96, 'B': 48}
  snap scale s=1.414214
  120 balls, 240 3D edges
  emitted: C:\Users\nanma\Documents\vZome\zomeable-4polytopes\ongoing_work\blind_spot_candidates\A4_1111_omnitruncated_5-cell\fp_e4fb66f8e75ce530.vZome
  strut counts: {'R': 96, 'Y': 96, 'B': 48}
  A4 (1, 1, 1, 1) omnitruncated 5-cell fp=e4fb66f8e75ce530  V=120 E=240  status=in_corpus_same_polytope  matches=1  (0.8s)
  align ok, sig={'Y': 24, 'R': 48, 'B': 24}
  snap scale s=1.000000
  24 balls, 96 3D edges
  emitted: C:\Users\nanma\Documents\vZome\zomeable-4polytopes\ongoing_work\blind_spot_candidates\B4_0010_24-cell\fp_37cb5fcff9e54798.vZome
  strut counts: {'Y': 24, 'R': 48, 'B': 24}
  B4 (0, 0, 1, 0) 24-cell fp=37cb5fcff9e54798  V=24 E=96  status=in_corpus_other_polytope  matches=1  (0.3s)
  align ok, sig={'Y': 64, '_': 8, 'B': 24}
  snap scale s=1.000000
  15 balls, 44 3D edges
  emitted: C:\Users\nanma\Documents\vZome\zomeable-4polytopes\ongoing_work\blind_spot_candidates\B4_0010_24-cell\fp_7e8cb491402b7d9f.vZome
  strut counts: {'Y': 32, 'B': 12}
  B4 (0, 0, 1, 0) 24-cell fp=7e8cb491402b7d9f  V=15 E=44  status=in_corpus_other_polytope  matches=1  (0.1s)
  align ok, sig={'G': 48, 'B': 48}
  snap scale s=1.414214
  18 balls, 60 3D edges
  emitted: C:\Users\nanma\Documents\vZome\zomeable-4polytopes\ongoing_work\blind_spot_candidates\B4_0010_24-cell\fp_bed179a68fa997ec.vZome
  strut counts: {'G': 36, 'B': 24}
  B4 (0, 0, 1, 0) 24-cell fp=bed179a68fa997ec  V=18 E=60  status=in_corpus_other_polytope  matches=1  (0.2s)
  align ok, sig={'Y': 48, 'R': 96, 'B': 48}
  snap scale s=2.000000
  96 balls, 192 3D edges
  emitted: C:\Users\nanma\Documents\vZome\zomeable-4polytopes\ongoing_work\blind_spot_candidates\B4_0110_bitruncated_tesseract\fp_0e82f4b3c5e5a9b8.vZome
  strut counts: {'Y': 48, 'R': 96, 'B': 48}
  B4 (0, 1, 1, 0) bitruncated tesseract fp=0e82f4b3c5e5a9b8  V=96 E=192  status=candidate_new  matches=0  (0.6s)
  align ok, sig={'B': 48, 'R': 96, 'Y': 48}
  snap scale s=2.000000
  96 balls, 192 3D edges
  emitted: C:\Users\nanma\Documents\vZome\zomeable-4polytopes\ongoing_work\blind_spot_candidates\B4_0110_bitruncated_tesseract\fp_77574f424e016f45.vZome
  strut counts: {'B': 48, 'R': 96, 'Y': 48}
  B4 (0, 1, 1, 0) bitruncated tesseract fp=77574f424e016f45  V=96 E=192  status=candidate_new  matches=0  (0.6s)
  align ok, sig={'B': 48, 'Y': 48, 'R': 96}
  snap scale s=2.000000
  96 balls, 192 3D edges
  emitted: C:\Users\nanma\Documents\vZome\zomeable-4polytopes\ongoing_work\blind_spot_candidates\B4_0110_bitruncated_tesseract\fp_8cdc61d0017b2cee.vZome
  strut counts: {'B': 48, 'Y': 48, 'R': 96}
  B4 (0, 1, 1, 0) bitruncated tesseract fp=8cdc61d0017b2cee  V=96 E=192  status=candidate_new  matches=0  (0.6s)
  align ok, sig={'R': 96, 'B': 48, 'Y': 48}
  snap scale s=2.000000
  96 balls, 192 3D edges
  emitted: C:\Users\nanma\Documents\vZome\zomeable-4polytopes\ongoing_work\blind_spot_candidates\B4_0110_bitruncated_tesseract\fp_a03eaff2c09471c7.vZome
  strut counts: {'R': 96, 'B': 48, 'Y': 48}
  B4 (0, 1, 1, 0) bitruncated tesseract fp=a03eaff2c09471c7  V=96 E=192  status=candidate_new  matches=0  (0.6s)
  align ok, sig={'B': 48, 'Y': 48, 'R': 96}
  snap scale s=2.000000
  96 balls, 192 3D edges
  emitted: C:\Users\nanma\Documents\vZome\zomeable-4polytopes\ongoing_work\blind_spot_candidates\B4_0110_bitruncated_tesseract\fp_cd757f2a9252a134.vZome
  strut counts: {'B': 48, 'Y': 48, 'R': 96}
  B4 (0, 1, 1, 0) bitruncated tesseract fp=cd757f2a9252a134  V=96 E=192  status=candidate_new  matches=0  (0.6s)
  align ok, sig={'R': 144, 'B': 72, 'Y': 72}
  snap scale s=1.414214
  96 balls, 288 3D edges
  emitted: C:\Users\nanma\Documents\vZome\zomeable-4polytopes\ongoing_work\blind_spot_candidates\F4_0100_rectified_24-cell\fp_1915a4f1b2800899.vZome
  strut counts: {'R': 144, 'B': 72, 'Y': 72}
  F4 (0, 1, 0, 0) rectified 24-cell fp=1915a4f1b2800899  V=96 E=288  status=in_corpus_same_polytope  matches=1  (0.9s)
  align ok, sig={'B': 144, 'G': 144}
  snap scale s=1.000000
  60 balls, 156 3D edges
  emitted: C:\Users\nanma\Documents\vZome\zomeable-4polytopes\ongoing_work\blind_spot_candidates\F4_0100_rectified_24-cell\fp_5452b207028c5f19.vZome
  strut counts: {'B': 72, 'G': 84}
  F4 (0, 1, 0, 0) rectified 24-cell fp=5452b207028c5f19  V=60 E=156  status=in_corpus_same_polytope  matches=1  (0.5s)
  align ok, sig={'B': 72, 'Y': 72, 'R': 144}
  snap scale s=1.414214
  96 balls, 288 3D edges
  emitted: C:\Users\nanma\Documents\vZome\zomeable-4polytopes\ongoing_work\blind_spot_candidates\F4_0100_rectified_24-cell\fp_56df31592cbea90f.vZome
  strut counts: {'B': 72, 'Y': 72, 'R': 144}
  F4 (0, 1, 0, 0) rectified 24-cell fp=56df31592cbea90f  V=96 E=288  status=in_corpus_same_polytope  matches=1  (0.9s)
  align ok, sig={'_': 24, 'Y': 192, 'B': 72}
  snap scale s=1.414214
  52 balls, 132 3D edges
  emitted: C:\Users\nanma\Documents\vZome\zomeable-4polytopes\ongoing_work\blind_spot_candidates\F4_0100_rectified_24-cell\fp_cca712ec6eab236a.vZome
  strut counts: {'Y': 96, 'B': 36}
  F4 (0, 1, 0, 0) rectified 24-cell fp=cca712ec6eab236a  V=52 E=132  status=in_corpus_same_polytope  matches=1  (0.3s)
  align ok, sig={'G': 192, 'B': 192}
  snap scale s=1.000000
  120 balls, 216 3D edges
  emitted: C:\Users\nanma\Documents\vZome\zomeable-4polytopes\ongoing_work\blind_spot_candidates\F4_1100_truncated_24-cell\fp_598a9495c4a6ee08.vZome
  strut counts: {'G': 120, 'B': 96}
  F4 (1, 1, 0, 0) truncated 24-cell fp=598a9495c4a6ee08  V=120 E=216  status=in_corpus_same_polytope  matches=1  (0.8s)
  align ok, sig={'Y': 256, '_': 32, 'B': 96}
  snap scale s=1.414214
  96 balls, 176 3D edges
  emitted: C:\Users\nanma\Documents\vZome\zomeable-4polytopes\ongoing_work\blind_spot_candidates\F4_1100_truncated_24-cell\fp_5f5834c16179095e.vZome
  strut counts: {'Y': 128, 'B': 48}
  F4 (1, 1, 0, 0) truncated 24-cell fp=5f5834c16179095e  V=96 E=176  status=in_corpus_same_polytope  matches=1  (0.4s)
  align ok, sig={'R': 192, 'B': 96, 'Y': 96}
  snap scale s=1.414214
  192 balls, 384 3D edges
  emitted: C:\Users\nanma\Documents\vZome\zomeable-4polytopes\ongoing_work\blind_spot_candidates\F4_1100_truncated_24-cell\fp_b7477fe6c010645e.vZome
  strut counts: {'R': 192, 'B': 96, 'Y': 96}
  F4 (1, 1, 0, 0) truncated 24-cell fp=b7477fe6c010645e  V=192 E=384  status=in_corpus_same_polytope  matches=1  (1.2s)
  align ok, sig={'Y': 96, 'B': 96, 'R': 192}
  snap scale s=1.414214
  192 balls, 384 3D edges
  emitted: C:\Users\nanma\Documents\vZome\zomeable-4polytopes\ongoing_work\blind_spot_candidates\F4_1100_truncated_24-cell\fp_c7db1d36fbcf2ba7.vZome
  strut counts: {'Y': 96, 'B': 96, 'R': 192}
  F4 (1, 1, 0, 0) truncated 24-cell fp=c7db1d36fbcf2ba7  V=192 E=384  status=in_corpus_same_polytope  matches=1  (1.3s)
  align ok, sig={'R': 192, 'B': 96, 'Y': 96}
  snap scale s=1.414214
  192 balls, 384 3D edges
  emitted: C:\Users\nanma\Documents\vZome\zomeable-4polytopes\ongoing_work\blind_spot_candidates\F4_1100_truncated_24-cell\fp_d98b5f4addb5359b.vZome
  strut counts: {'R': 192, 'B': 96, 'Y': 96}
  F4 (1, 1, 0, 0) truncated 24-cell fp=d98b5f4addb5359b  V=192 E=384  status=in_corpus_same_polytope  matches=1  (1.2s)
  align ok, sig={'Y': 192, 'B': 360, '_': 24, 'G': 288}
  numerical 3D rotated coords (failed to snap):
    [ 1.        1.       -3.414214]
    [ 1.707107  1.707107 -2.707107]
    [-0.        1.       -3.414214]
    [ 1.707107  1.707107 -2.707107]
    [ 0.707107  1.707107 -2.707107]
  F4 (1, 0, 1, 0) cantellated 24-cell fp=f79e915e332666e1: SNAP FAIL  (0.1s)  RuntimeError('cantellated 24-cell: could not snap coords to ZZ[phi]^3')
  align ok, sig={'G': 144, 'Y': 192, 'B': 216, '_': 24}
  numerical 3D rotated coords (failed to snap):
    [-1.707107 -1.707107  0.707107]
    [-0.707107 -1.707107  1.707107]
    [-1.       -2.414214  0.      ]
    [-0.707107 -1.707107  0.707107]
    [-0.       -2.414214  1.      ]
  F4 (1, 0, 0, 1) runcinated 24-cell fp=4507a6810f54bab2: SNAP FAIL  (0.1s)  RuntimeError('runcinated 24-cell: could not snap coords to ZZ[phi]^3')
  align ok, sig={'G': 432, 'B': 576, 'Y': 384, '_': 48}
  numerical 3D rotated coords (failed to snap):
    [ 1.707107  3.707107 -2.707107]
    [ 2.707107  3.707107 -1.707107]
    [ 0.707107  3.707107 -2.707107]
    [ 1.        4.414214 -2.      ]
    [ 0.707107  3.707107 -1.707107]
  F4 (1, 1, 0, 1) runcitruncated 24-cell fp=aabdf1c8acc26695: SNAP FAIL  (0.1s)  RuntimeError('runcitruncated 24-cell: could not snap coords to ZZ[phi]^3')

=== TRIAGE SUMMARY ===
polytopes processed:        10
fp processed:               31
  snap OK:                  28
  snap FAIL:                3
  in corpus (same poly):    20
  in corpus (other poly):   3
  intra-audit duplicates:   2
  GENUINELY NEW (canonical):3
Wrote ongoing_work\blind_spot_triage.json
