skipping 8 polytopes already in log
=== prismatic sweep rng=4  (196 polytopes) ===
  generating kernels at rng=4 (permute_dedup=False)...
  21523360 kernel directions (68.04s)
  shared-memory dirs: (21523360, 4)  size=688.7 MB
[09:55:04] [1/196   0.5% elapsed=959s ETA=186984s] truncated_tetrahedron_prism ok emit=2 snap_fail=7
[09:55:07] [2/196   1.0% elapsed=961s ETA=93229s] duoprism_4_6 ok emit=3 snap_fail=740
[09:55:13] [3/196   1.5% elapsed=968s ETA=62243s] 5_antiprismatic_prism ok emit=9 snap_fail=0
[09:55:26] [4/196   2.0% elapsed=980s ETA=47056s] cuboctahedron_prism ok emit=2 snap_fail=7
[09:56:21] [5/196   2.6% elapsed=1036s ETA=39560s] icosahedron_prism ok emit=5 snap_fail=0
[09:56:58] [6/196   3.1% elapsed=1073s ETA=33977s] duoprism_3_8 ok emit=0 snap_fail=716
[09:57:01] [7/196   3.6% elapsed=1076s ETA=29041s] 6_antiprismatic_prism zero_hits emit=0 snap_fail=0
[09:57:27] [8/196   4.1% elapsed=1102s ETA=25893s] duoprism_3_7 ok emit=0 snap_fail=492
[10:10:48] [9/196   4.6% elapsed=1903s ETA=39536s] duoprism_4_7 ok emit=0 snap_fail=492
[10:12:05] [10/196   5.1% elapsed=1979s ETA=36811s] duoprism_4_8 ok emit=0 snap_fail=477
[10:12:26] [11/196   5.6% elapsed=2000s ETA=33639s] 7_antiprismatic_prism zero_hits emit=0 snap_fail=0
[10:13:44] [12/196   6.1% elapsed=2078s ETA=31866s] duoprism_3_9 ok emit=0 snap_fail=491
[10:14:59] [13/196   6.6% elapsed=2153s ETA=30308s] duoprism_3_10 ok emit=0 snap_fail=980
[10:15:21] [14/196   7.1% elapsed=2175s ETA=28281s] duoprism_5_5 ok emit=0 snap_fail=497
[10:16:54] [15/196   7.7% elapsed=2268s ETA=27370s] 8_antiprismatic_prism zero_hits emit=0 snap_fail=0
[10:17:14] [16/196   8.2% elapsed=2289s ETA=25746s] duoprism_5_6 ok emit=0 snap_fail=986
[10:29:50] [17/196   8.7% elapsed=3045s ETA=32058s] duoprism_4_9 ok emit=0 snap_fail=491
[10:30:07] [18/196   9.2% elapsed=3061s ETA=30271s] duoprism_3_11 ok emit=0 snap_fail=487
[10:30:33] [19/196   9.7% elapsed=3088s ETA=28765s] duoprism_3_12 ok emit=0 snap_fail=248
[10:32:35] [20/196  10.2% elapsed=3210s ETA=28247s] duoprism_5_7 ok emit=0 snap_fail=495
[10:32:56] [21/196  10.7% elapsed=3231s ETA=26922s] duoprism_6_6 ok emit=2 snap_fail=495
[10:33:06] [22/196  11.2% elapsed=3241s ETA=25633s] 9_antiprismatic_prism zero_hits emit=0 snap_fail=0
[10:34:16] [23/196  11.7% elapsed=3310s ETA=24901s] dodecahedron_prism ok emit=5 snap_fail=0
[10:36:07] [24/196  12.2% elapsed=3422s ETA=24523s] duoprism_3_13 ok emit=0 snap_fail=480
[10:45:58] [25/196  12.8% elapsed=4013s ETA=27446s] duoprism_4_10 ok emit=5 snap_fail=733
[10:50:05] [26/196  13.3% elapsed=4260s ETA=27853s] duoprism_5_8 ok emit=0 snap_fail=723
[10:50:06] [27/196  13.8% elapsed=4260s ETA=26665s] duoprism_4_11 ok emit=0 snap_fail=487
[10:51:11] [28/196  14.3% elapsed=4326s ETA=25954s] 10_antiprismatic_prism zero_hits emit=0 snap_fail=0
[10:51:16] [29/196  14.8% elapsed=4330s ETA=24936s] duoprism_3_14 ok emit=0 snap_fail=496
[10:51:39] [30/196  15.3% elapsed=4354s ETA=24090s] duoprism_6_7 ok emit=0 snap_fail=492
[10:52:58] [31/196  15.8% elapsed=4433s ETA=23595s] 11_antiprismatic_prism zero_hits emit=0 snap_fail=0
[10:56:13] [32/196  16.3% elapsed=4627s ETA=23715s] duoprism_3_15 ok emit=0 snap_fail=492
[11:04:58] [33/196  16.8% elapsed=5153s ETA=25452s] truncated_octahedron_prism ok emit=1 snap_fail=8
[11:05:28] [34/196  17.3% elapsed=5183s ETA=24695s] truncated_cube_prism ok emit=0 snap_fail=5
[11:06:30] [35/196  17.9% elapsed=5245s ETA=24126s] duoprism_5_9 ok emit=0 snap_fail=493
[11:06:34] [36/196  18.4% elapsed=5248s ETA=23325s] rhombicuboctahedron_prism ok emit=0 snap_fail=5
[11:07:58] [37/196  18.9% elapsed=5333s ETA=22917s] duoprism_4_12 ok emit=0 snap_fail=248
[11:09:27] [38/196  19.4% elapsed=5421s ETA=22542s] duoprism_3_16 ok emit=0 snap_fail=221
[11:13:46] [39/196  19.9% elapsed=5681s ETA=22870s] duoprism_6_8 ok emit=0 snap_fail=722
[11:15:21] [40/196  20.4% elapsed=5775s ETA=22523s] snub_cube_prism zero_hits emit=0 snap_fail=0
[11:21:39] [41/196  20.9% elapsed=6153s ETA=23263s] duoprism_7_7 zero_hits emit=0 snap_fail=0
[11:24:43] [42/196  21.4% elapsed=6337s ETA=23236s] duoprism_4_13 ok emit=0 snap_fail=480
[11:26:47] [43/196  21.9% elapsed=6461s ETA=22990s] 12_antiprismatic_prism zero_hits emit=0 snap_fail=0
[11:27:00] [44/196  22.4% elapsed=6475s ETA=22367s] duoprism_3_17 ok emit=0 snap_fail=494
[11:27:04] [45/196  23.0% elapsed=6478s ETA=21738s] duoprism_5_10 ok emit=1 snap_fail=985
[11:29:24] [46/196  23.5% elapsed=6618s ETA=21581s] 13_antiprismatic_prism zero_hits emit=0 snap_fail=0
[11:33:24] [47/196  24.0% elapsed=6859s ETA=21744s] duoprism_3_18 ok emit=0 snap_fail=494
[11:35:26] [48/196  24.5% elapsed=6981s ETA=21525s] duoprism_6_9 ok emit=0 snap_fail=491
[11:42:28] [49/196  25.0% elapsed=7403s ETA=22208s] duoprism_4_14 ok emit=0 snap_fail=496
[11:44:54] [50/196  25.5% elapsed=7549s ETA=22043s] duoprism_5_11 ok emit=0 snap_fail=494
[11:44:59] [51/196  26.0% elapsed=7554s ETA=21476s] duoprism_7_8 ok emit=0 snap_fail=495
[11:48:44] [52/196  26.5% elapsed=7779s ETA=21541s] icosidodecahedron_prism ok emit=6 snap_fail=0
[11:50:18] [53/196  27.0% elapsed=7873s ETA=21241s] duoprism_3_19 ok emit=0 snap_fail=490
[11:53:10] [54/196  27.6% elapsed=8044s ETA=21153s] 14_antiprismatic_prism zero_hits emit=0 snap_fail=0
[11:54:20] [55/196  28.1% elapsed=8114s ETA=20803s] duoprism_3_20 ok emit=0 snap_fail=259
[11:54:34] [56/196  28.6% elapsed=8129s ETA=20322s] duoprism_4_15 ok emit=0 snap_fail=492
[12:04:32] [57/196  29.1% elapsed=8727s ETA=21281s] duoprism_5_12 ok emit=0 snap_fail=249
[12:05:21] [58/196  29.6% elapsed=8775s ETA=20879s] duoprism_6_10 ok emit=0 snap_fail=983
[12:07:29] [59/196  30.1% elapsed=8904s ETA=20675s] duoprism_7_9 zero_hits emit=0 snap_fail=0
[12:07:39] [60/196  30.6% elapsed=8913s ETA=20203s] 15_antiprismatic_prism zero_hits emit=0 snap_fail=0
[12:08:00] [61/196  31.1% elapsed=8934s ETA=19773s] duoprism_4_16 ok emit=0 snap_fail=221
[12:10:35] [62/196  31.6% elapsed=9090s ETA=19646s] duoprism_8_8 ok emit=0 snap_fail=230
[12:18:56] [63/196  32.1% elapsed=9590s ETA=20246s] duoprism_5_13 ok emit=0 snap_fail=492
[12:21:56] [64/196  32.7% elapsed=9771s ETA=20152s] 16_antiprismatic_prism zero_hits emit=0 snap_fail=0
[12:25:07] [65/196  33.2% elapsed=9962s ETA=20077s] duoprism_4_17 ok emit=0 snap_fail=494
[12:25:39] [66/196  33.7% elapsed=9993s ETA=19683s] duoprism_6_11 ok emit=0 snap_fail=487
[12:26:00] [67/196  34.2% elapsed=10014s ETA=19281s] duoprism_7_10 ok emit=0 snap_fail=495
[12:28:53] [68/196  34.7% elapsed=10188s ETA=19177s] duoprism_4_18 ok emit=0 snap_fail=494
[12:30:42] [69/196  35.2% elapsed=10296s ETA=18951s] duoprism_5_14 ok emit=0 snap_fail=500
[12:31:04] [70/196  35.7% elapsed=10318s ETA=18573s] 17_antiprismatic_prism zero_hits emit=0 snap_fail=0
[12:39:18] [71/196  36.2% elapsed=10812s ETA=19036s] duoprism_6_12 ok emit=0 snap_fail=248
[12:40:36] [72/196  36.7% elapsed=10890s ETA=18755s] duoprism_8_9 ok emit=0 snap_fail=491
[12:46:07] [73/196  37.2% elapsed=11222s ETA=18908s] duoprism_4_19 ok emit=0 snap_fail=490
[12:50:16] [74/196  37.8% elapsed=11470s ETA=18911s] duoprism_7_11 zero_hits emit=0 snap_fail=0
[12:50:32] [75/196  38.3% elapsed=11486s ETA=18531s] duoprism_5_15 ok emit=0 snap_fail=501
[12:52:39] [76/196  38.8% elapsed=11614s ETA=18338s] duoprism_6_13 ok emit=0 snap_fail=480
[12:53:37] [77/196  39.3% elapsed=11672s ETA=18038s] 18_antiprismatic_prism zero_hits emit=0 snap_fail=0
[12:53:38] [78/196  39.8% elapsed=11672s ETA=17658s] 19_antiprismatic_prism zero_hits emit=0 snap_fail=0
[12:56:51] [79/196  40.3% elapsed=11866s ETA=17574s] duoprism_4_20 ok emit=0 snap_fail=259
[13:02:10] [80/196  40.8% elapsed=12185s ETA=17668s] duoprism_5_16 ok emit=0 snap_fail=223
[13:02:50] [81/196  41.3% elapsed=12225s ETA=17356s] duoprism_8_10 ok emit=0 snap_fail=721
[13:07:51] [82/196  41.8% elapsed=12526s ETA=17414s] duoprism_9_9 zero_hits emit=0 snap_fail=0
[13:09:48] [83/196  42.3% elapsed=12642s ETA=17212s] duoprism_7_12 zero_hits emit=0 snap_fail=0
[13:10:44] [84/196  42.9% elapsed=12698s ETA=16931s] duoprism_6_14 ok emit=0 snap_fail=496
[13:13:33] [85/196  43.4% elapsed=12867s ETA=16803s] duoprism_8_11 ok emit=0 snap_fail=495
[13:16:10] [86/196  43.9% elapsed=13024s ETA=16659s] duoprism_5_17 ok emit=0 snap_fail=498
[13:17:40] [87/196  44.4% elapsed=13114s ETA=16430s] 20_antiprismatic_prism zero_hits emit=0 snap_fail=0
[13:23:01] [88/196  44.9% elapsed=13436s ETA=16490s] duoprism_6_15 ok emit=0 snap_fail=492
[13:23:17] [89/196  45.4% elapsed=13451s ETA=16172s] duoprism_5_18 ok emit=0 snap_fail=498
[13:25:00] [90/196  45.9% elapsed=13554s ETA=15964s] duoprism_9_10 ok emit=0 snap_fail=494
[13:27:52] [91/196  46.4% elapsed=13727s ETA=15839s] duoprism_7_13 zero_hits emit=0 snap_fail=0
[13:29:47] [92/196  46.9% elapsed=13842s ETA=15647s] truncated_cuboctahedron_prism ok emit=0 snap_fail=5
[13:33:30] [93/196  47.4% elapsed=14064s ETA=15577s] duoprism_5_19 ok emit=0 snap_fail=505
[13:33:49] [94/196  48.0% elapsed=14083s ETA=15282s] duoprism_8_12 ok emit=0 snap_fail=251
[13:34:36] [95/196  48.5% elapsed=14130s ETA=15023s] duoprism_6_16 ok emit=0 snap_fail=221
[13:39:18] [96/196  49.0% elapsed=14412s ETA=15013s] duoprism_7_14 zero_hits emit=0 snap_fail=0
[13:41:05] [97/196  49.5% elapsed=14520s ETA=14819s] duoprism_9_11 zero_hits emit=0 snap_fail=0
[13:45:06] [98/196  50.0% elapsed=14760s ETA=14760s] duoprism_5_20 ok emit=0 snap_fail=261
[13:48:01] [99/196  50.5% elapsed=14936s ETA=14634s] duoprism_10_10 ok emit=2 snap_fail=493
[13:49:32] [100/196  51.0% elapsed=15027s ETA=14426s] duoprism_6_17 ok emit=0 snap_fail=494
[13:50:54] [101/196  51.5% elapsed=15108s ETA=14211s] duoprism_8_13 ok emit=0 snap_fail=488
[13:51:51] [102/196  52.0% elapsed=15166s ETA=13977s] duoprism_7_15 zero_hits emit=0 snap_fail=0
[13:53:27] [103/196  52.6% elapsed=15261s ETA=13780s] duoprism_6_18 ok emit=0 snap_fail=494
[13:55:56] [104/196  53.1% elapsed=15411s ETA=13633s] duoprism_9_12 zero_hits emit=0 snap_fail=0
[14:01:57] [105/196  53.6% elapsed=15772s ETA=13669s] duoprism_7_16 zero_hits emit=0 snap_fail=0
[14:02:43] [106/196  54.1% elapsed=15818s ETA=13430s] duoprism_10_11 ok emit=0 snap_fail=494
[14:04:21] [107/196  54.6% elapsed=15916s ETA=13238s] duoprism_8_14 ok emit=0 snap_fail=500
[14:09:20] [108/196  55.1% elapsed=16214s ETA=13211s] duoprism_9_13 zero_hits emit=0 snap_fail=0
[14:10:20] [109/196  55.6% elapsed=16274s ETA=12989s] duoprism_6_19 ok emit=0 snap_fail=490
[14:10:29] [110/196  56.1% elapsed=16283s ETA=12730s] duoprism_7_17 zero_hits emit=0 snap_fail=0
[14:10:47] [111/196  56.6% elapsed=16302s ETA=12483s] truncated_dodecahedron_prism ok emit=8 snap_fail=0
[14:13:07] [112/196  57.1% elapsed=16442s ETA=12331s] truncated_icosahedron_prism ok emit=6 snap_fail=0
[14:19:03] [113/196  57.7% elapsed=16797s ETA=12338s] rhombicosidodecahedron_prism ok emit=6 snap_fail=0
[14:22:48] [114/196  58.2% elapsed=17023s ETA=12244s] duoprism_6_20 ok emit=0 snap_fail=259
[14:26:51] [115/196  58.7% elapsed=17266s ETA=12161s] duoprism_8_15 ok emit=0 snap_fail=501
[14:27:44] [116/196  59.2% elapsed=17319s ETA=11944s] duoprism_7_18 zero_hits emit=0 snap_fail=0
[14:28:35] [117/196  59.7% elapsed=17370s ETA=11728s] duoprism_11_11 zero_hits emit=0 snap_fail=0
[14:30:09] [118/196  60.2% elapsed=17464s ETA=11544s] duoprism_10_12 ok emit=0 snap_fail=249
[14:30:17] [119/196  60.7% elapsed=17472s ETA=11305s] duoprism_9_14 zero_hits emit=0 snap_fail=0
[14:35:21] [120/196  61.2% elapsed=17776s ETA=11258s] duoprism_8_16 ok emit=0 snap_fail=223
[14:43:32] [121/196  61.7% elapsed=18267s ETA=11322s] duoprism_11_12 zero_hits emit=0 snap_fail=0
[14:43:52] [122/196  62.2% elapsed=18287s ETA=11092s] duoprism_10_13 ok emit=0 snap_fail=492
[14:46:16] [123/196  62.8% elapsed=18431s ETA=10938s] duoprism_7_19 zero_hits emit=0 snap_fail=0
[14:46:39] [124/196  63.3% elapsed=18454s ETA=10715s] duoprism_9_15 zero_hits emit=0 snap_fail=0
[14:47:04] [125/196  63.8% elapsed=18478s ETA=10496s] duoprism_7_20 zero_hits emit=0 snap_fail=0
[14:47:50] [126/196  64.3% elapsed=18524s ETA=10291s] duoprism_8_17 ok emit=0 snap_fail=498
[14:49:29] [127/196  64.8% elapsed=18623s ETA=10118s] snub_dodecahedron_prism zero_hits emit=0 snap_fail=0
[14:55:30] [128/196  65.3% elapsed=18984s ETA=10085s] duoprism_10_14 ok emit=0 snap_fail=500
[14:59:56] [129/196  65.8% elapsed=19251s ETA=9998s] duoprism_8_18 ok emit=0 snap_fail=500
[15:01:21] [130/196  66.3% elapsed=19335s ETA=9816s] duoprism_11_13 zero_hits emit=0 snap_fail=0
[15:02:13] [131/196  66.8% elapsed=19388s ETA=9620s] duoprism_12_12 zero_hits emit=0 snap_fail=0
[15:03:06] [132/196  67.3% elapsed=19441s ETA=9426s] duoprism_9_16 zero_hits emit=0 snap_fail=0
[15:05:22] [133/196  67.9% elapsed=19577s ETA=9273s] duoprism_8_19 ok emit=0 snap_fail=503
[15:06:56] [134/196  68.4% elapsed=19670s ETA=9101s] duoprism_9_17 zero_hits emit=0 snap_fail=0
[15:08:09] [135/196  68.9% elapsed=19744s ETA=8921s] duoprism_10_15 ok emit=0 snap_fail=501
[15:11:44] [136/196  69.4% elapsed=19958s ETA=8805s] duoprism_11_14 zero_hits emit=0 snap_fail=0
[15:16:15] [137/196  69.9% elapsed=20230s ETA=8712s] duoprism_12_13 zero_hits emit=0 snap_fail=0
[15:16:54] [138/196  70.4% elapsed=20269s ETA=8519s] duoprism_8_20 ok emit=0 snap_fail=260
[15:19:45] [139/196  70.9% elapsed=20439s ETA=8382s] duoprism_9_18 zero_hits emit=0 snap_fail=0
[15:21:47] [140/196  71.4% elapsed=20561s ETA=8224s] duoprism_10_16 ok emit=0 snap_fail=223
[15:22:15] [141/196  71.9% elapsed=20590s ETA=8032s] duoprism_12_14 zero_hits emit=0 snap_fail=0
[15:23:05] [142/196  72.4% elapsed=20640s ETA=7849s] duoprism_11_15 zero_hits emit=0 snap_fail=0
[15:25:42] [143/196  73.0% elapsed=20796s ETA=7708s] duoprism_13_13 zero_hits emit=0 snap_fail=0
[15:33:27] [144/196  73.5% elapsed=21262s ETA=7678s] duoprism_10_17 ok emit=0 snap_fail=498
[15:33:39] [145/196  74.0% elapsed=21273s ETA=7482s] duoprism_11_16 zero_hits emit=0 snap_fail=0
[15:34:40] [146/196  74.5% elapsed=21334s ETA=7306s] duoprism_9_19 zero_hits emit=0 snap_fail=0
[15:36:41] [147/196  75.0% elapsed=21456s ETA=7152s] duoprism_9_20 zero_hits emit=0 snap_fail=0
[15:39:03] [148/196  75.5% elapsed=21598s ETA=7005s] duoprism_12_15 zero_hits emit=0 snap_fail=0
[15:39:41] [149/196  76.0% elapsed=21635s ETA=6825s] duoprism_13_14 zero_hits emit=0 snap_fail=0
[15:41:47] [150/196  76.5% elapsed=21762s ETA=6674s] duoprism_10_18 ok emit=0 snap_fail=498
[15:43:24] [151/196  77.0% elapsed=21859s ETA=6514s] duoprism_11_17 zero_hits emit=0 snap_fail=0
[15:49:16] [152/196  77.6% elapsed=22211s ETA=6429s] duoprism_12_16 zero_hits emit=0 snap_fail=0
[15:52:50] [153/196  78.1% elapsed=22425s ETA=6302s] duoprism_14_14 zero_hits emit=0 snap_fail=0
[15:52:55] [154/196  78.6% elapsed=22429s ETA=6117s] duoprism_13_15 zero_hits emit=0 snap_fail=0
[15:55:38] [155/196  79.1% elapsed=22593s ETA=5976s] duoprism_10_19 ok emit=0 snap_fail=505
[15:56:14] [156/196  79.6% elapsed=22628s ETA=5802s] duoprism_11_18 zero_hits emit=0 snap_fail=0
[15:59:59] [157/196  80.1% elapsed=22853s ETA=5677s] duoprism_12_17 zero_hits emit=0 snap_fail=0
[16:00:02] [158/196  80.6% elapsed=22857s ETA=5497s] duoprism_10_20 ok emit=0 snap_fail=261
[16:01:22] [159/196  81.1% elapsed=22937s ETA=5338s] duoprism_13_16 zero_hits emit=0 snap_fail=0
[16:08:00] [160/196  81.6% elapsed=23335s ETA=5250s] duoprism_11_19 zero_hits emit=0 snap_fail=0
[16:08:59] [161/196  82.1% elapsed=23394s ETA=5086s] duoprism_12_18 zero_hits emit=0 snap_fail=0
[16:10:09] [162/196  82.7% elapsed=23463s ETA=4924s] duoprism_14_15 zero_hits emit=0 snap_fail=0
[16:12:19] [163/196  83.2% elapsed=23594s ETA=4777s] duoprism_11_20 zero_hits emit=0 snap_fail=0
[16:14:00] [164/196  83.7% elapsed=23695s ETA=4623s] duoprism_13_17 zero_hits emit=0 snap_fail=0
[16:15:50] [165/196  84.2% elapsed=23805s ETA=4472s] duoprism_14_16 zero_hits emit=0 snap_fail=0
[16:18:18] [166/196  84.7% elapsed=23952s ETA=4329s] duoprism_15_15 zero_hits emit=0 snap_fail=0
[16:18:57] [167/196  85.2% elapsed=23992s ETA=4166s] duoprism_12_19 zero_hits emit=0 snap_fail=0
[16:25:12] [168/196  85.7% elapsed=24367s ETA=4061s] duoprism_13_18 zero_hits emit=0 snap_fail=0
[16:26:29] [169/196  86.2% elapsed=24444s ETA=3905s] duoprism_14_17 zero_hits emit=0 snap_fail=0
[16:26:55] [170/196  86.7% elapsed=24470s ETA=3742s] truncated_icosidodecahedron_prism ok emit=7 snap_fail=0
[16:28:37] [171/196  87.2% elapsed=24572s ETA=3592s] duoprism_12_20 zero_hits emit=0 snap_fail=0
[16:31:33] [172/196  87.8% elapsed=24748s ETA=3453s] duoprism_15_16 zero_hits emit=0 snap_fail=0
[16:35:20] [173/196  88.3% elapsed=24975s ETA=3320s] duoprism_14_18 zero_hits emit=0 snap_fail=0
[16:35:26] [174/196  88.8% elapsed=24981s ETA=3158s] duoprism_13_19 zero_hits emit=0 snap_fail=0
[16:38:36] [175/196  89.3% elapsed=25171s ETA=3021s] duoprism_15_17 zero_hits emit=0 snap_fail=0
[16:42:19] [176/196  89.8% elapsed=25393s ETA=2886s] duoprism_16_16 zero_hits emit=0 snap_fail=0
[16:44:51] [177/196  90.3% elapsed=25546s ETA=2742s] duoprism_13_20 zero_hits emit=0 snap_fail=0
[16:45:59] [178/196  90.8% elapsed=25613s ETA=2590s] duoprism_14_19 zero_hits emit=0 snap_fail=0
[16:46:56] [179/196  91.3% elapsed=25671s ETA=2438s] duoprism_15_18 zero_hits emit=0 snap_fail=0
[16:49:25] [180/196  91.8% elapsed=25819s ETA=2295s] duoprism_16_17 zero_hits emit=0 snap_fail=0
[16:51:40] [181/196  92.3% elapsed=25954s ETA=2151s] duoprism_14_20 zero_hits emit=0 snap_fail=0
[16:54:39] [182/196  92.9% elapsed=26134s ETA=2010s] duoprism_15_19 zero_hits emit=0 snap_fail=0
[16:54:50] [183/196  93.4% elapsed=26145s ETA=1857s] duoprism_16_18 zero_hits emit=0 snap_fail=0
[17:01:07] [184/196  93.9% elapsed=26522s ETA=1730s] duoprism_17_17 zero_hits emit=0 snap_fail=0
[17:02:20] [185/196  94.4% elapsed=26595s ETA=1581s] duoprism_15_20 zero_hits emit=0 snap_fail=0
[17:04:01] [186/196  94.9% elapsed=26696s ETA=1435s] duoprism_16_19 zero_hits emit=0 snap_fail=0
[17:04:54] [187/196  95.4% elapsed=26749s ETA=1287s] duoprism_17_18 zero_hits emit=0 snap_fail=0
[17:06:04] [188/196  95.9% elapsed=26818s ETA=1141s] duoprism_16_20 zero_hits emit=0 snap_fail=0
[17:11:08] [189/196  96.4% elapsed=27122s ETA=1005s] duoprism_17_19 zero_hits emit=0 snap_fail=0
[17:11:30] [190/196  96.9% elapsed=27145s ETA=857s] duoprism_18_18 zero_hits emit=0 snap_fail=0
[17:12:44] [191/196  97.4% elapsed=27219s ETA=713s] duoprism_17_20 zero_hits emit=0 snap_fail=0
[17:18:00] [192/196  98.0% elapsed=27535s ETA=574s] duoprism_18_20 zero_hits emit=0 snap_fail=0
[17:18:14] [193/196  98.5% elapsed=27549s ETA=428s] duoprism_18_19 zero_hits emit=0 snap_fail=0
[17:21:01] [194/196  99.0% elapsed=27715s ETA=286s] duoprism_20_20 zero_hits emit=0 snap_fail=0
[17:21:20] [195/196  99.5% elapsed=27734s ETA=142s] duoprism_19_20 zero_hits emit=0 snap_fail=0
[17:21:44] [196/196 100.0% elapsed=27758s ETA=0s] duoprism_19_19 zero_hits emit=0 snap_fail=0
=== done (27758.2s) ===
