=== duoprism_4_10 ab00 snap+sig probe ===
V=40, E=80

rng |   dirs  | aligned | snapped | distinct sigs | new | elapsed_s
----+---------+---------+---------+---------------+-----+----------
      q=10 ab00 rng=7 0/25312 t=0s sigs=0 snap=0 err=0
      q=10 ab00 rng=7 500/25312 t=17s sigs=3 snap=7 err=0
      q=10 ab00 rng=7 1000/25312 t=35s sigs=4 snap=16 err=0
      q=10 ab00 rng=7 1500/25312 t=52s sigs=4 snap=24 err=0
      q=10 ab00 rng=7 2000/25312 t=68s sigs=4 snap=34 err=0
      q=10 ab00 rng=7 2500/25312 t=86s sigs=5 snap=47 err=0
      q=10 ab00 rng=7 3000/25312 t=104s sigs=5 snap=54 err=0
      q=10 ab00 rng=7 3500/25312 t=121s sigs=5 snap=62 err=0
      q=10 ab00 rng=7 4000/25312 t=138s sigs=5 snap=69 err=0
      q=10 ab00 rng=7 4500/25312 t=155s sigs=5 snap=77 err=0
      q=10 ab00 rng=7 5000/25312 t=171s sigs=5 snap=83 err=0
      q=10 ab00 rng=7 5500/25312 t=188s sigs=5 snap=90 err=0
      q=10 ab00 rng=7 6000/25312 t=205s sigs=5 snap=97 err=0
      q=10 ab00 rng=7 6500/25312 t=222s sigs=5 snap=104 err=0
      q=10 ab00 rng=7 7000/25312 t=239s sigs=5 snap=121 err=0
      q=10 ab00 rng=7 7500/25312 t=255s sigs=5 snap=130 err=0
      q=10 ab00 rng=7 8000/25312 t=272s sigs=5 snap=137 err=0
      q=10 ab00 rng=7 8500/25312 t=289s sigs=5 snap=144 err=0
      q=10 ab00 rng=7 9000/25312 t=305s sigs=5 snap=157 err=0
      q=10 ab00 rng=7 9500/25312 t=322s sigs=5 snap=169 err=0
      q=10 ab00 rng=7 10000/25312 t=338s sigs=5 snap=178 err=0
      q=10 ab00 rng=7 10500/25312 t=355s sigs=5 snap=190 err=0
      q=10 ab00 rng=7 11000/25312 t=372s sigs=5 snap=198 err=0
      q=10 ab00 rng=7 11500/25312 t=389s sigs=5 snap=211 err=0
      q=10 ab00 rng=7 12000/25312 t=405s sigs=5 snap=216 err=0
      q=10 ab00 rng=7 12500/25312 t=422s sigs=5 snap=223 err=0
      q=10 ab00 rng=7 13000/25312 t=439s sigs=5 snap=232 err=0
      q=10 ab00 rng=7 13500/25312 t=456s sigs=5 snap=240 err=0
      q=10 ab00 rng=7 14000/25312 t=472s sigs=5 snap=245 err=0
      q=10 ab00 rng=7 14500/25312 t=489s sigs=5 snap=258 err=0
      q=10 ab00 rng=7 15000/25312 t=507s sigs=5 snap=263 err=0
      q=10 ab00 rng=7 15500/25312 t=524s sigs=5 snap=276 err=0
      q=10 ab00 rng=7 16000/25312 t=541s sigs=5 snap=283 err=0
      q=10 ab00 rng=7 16500/25312 t=557s sigs=5 snap=287 err=0
      q=10 ab00 rng=7 17000/25312 t=574s sigs=5 snap=300 err=0
      q=10 ab00 rng=7 17500/25312 t=591s sigs=5 snap=312 err=0
      q=10 ab00 rng=7 18000/25312 t=607s sigs=5 snap=319 err=0
      q=10 ab00 rng=7 18500/25312 t=624s sigs=5 snap=331 err=0
      q=10 ab00 rng=7 19000/25312 t=641s sigs=5 snap=339 err=0
      q=10 ab00 rng=7 19500/25312 t=658s sigs=5 snap=344 err=0
      q=10 ab00 rng=7 20000/25312 t=675s sigs=5 snap=350 err=0
      q=10 ab00 rng=7 20500/25312 t=692s sigs=5 snap=362 err=0
      q=10 ab00 rng=7 21000/25312 t=708s sigs=5 snap=376 err=0
      q=10 ab00 rng=7 21500/25312 t=725s sigs=5 snap=379 err=0
      q=10 ab00 rng=7 22000/25312 t=743s sigs=5 snap=384 err=0
      q=10 ab00 rng=7 22500/25312 t=759s sigs=5 snap=394 err=0
      q=10 ab00 rng=7 23000/25312 t=776s sigs=5 snap=402 err=0
      q=10 ab00 rng=7 23500/25312 t=793s sigs=5 snap=410 err=0
      q=10 ab00 rng=7 24000/25312 t=810s sigs=5 snap=418 err=0
      q=10 ab00 rng=7 24500/25312 t=827s sigs=5 snap=425 err=0
      q=10 ab00 rng=7 25000/25312 t=844s sigs=5 snap=437 err=0
  7 |   25312 |   25312 |     444 |             5 |   5 |    854.0  errors=0
      wrote C:\Users\nanma\Documents\vZome\zomeable-4polytopes\ongoing_work\probe_4q_sigs_q10_ab00_rng7.json
      q=10 ab00 rng=8 0/41760 t=0s sigs=0 snap=0 err=0
      q=10 ab00 rng=8 500/41760 t=17s sigs=4 snap=10 err=0
      q=10 ab00 rng=8 1000/41760 t=33s sigs=5 snap=17 err=0
      q=10 ab00 rng=8 1500/41760 t=50s sigs=5 snap=19 err=0
      q=10 ab00 rng=8 2000/41760 t=67s sigs=5 snap=29 err=0
      q=10 ab00 rng=8 2500/41760 t=83s sigs=5 snap=34 err=0
      q=10 ab00 rng=8 3000/41760 t=100s sigs=5 snap=43 err=0
      q=10 ab00 rng=8 3500/41760 t=116s sigs=5 snap=52 err=0
      q=10 ab00 rng=8 4000/41760 t=133s sigs=5 snap=60 err=0
      q=10 ab00 rng=8 4500/41760 t=151s sigs=5 snap=66 err=0
      q=10 ab00 rng=8 5000/41760 t=168s sigs=5 snap=72 err=0
      q=10 ab00 rng=8 5500/41760 t=184s sigs=5 snap=80 err=0
      q=10 ab00 rng=8 6000/41760 t=201s sigs=5 snap=86 err=0
      q=10 ab00 rng=8 6500/41760 t=217s sigs=5 snap=89 err=0
      q=10 ab00 rng=8 7000/41760 t=234s sigs=5 snap=95 err=0
      q=10 ab00 rng=8 7500/41760 t=251s sigs=5 snap=101 err=0
      q=10 ab00 rng=8 8000/41760 t=268s sigs=5 snap=107 err=0
      q=10 ab00 rng=8 8500/41760 t=284s sigs=5 snap=112 err=0
      q=10 ab00 rng=8 9000/41760 t=301s sigs=5 snap=119 err=0
      q=10 ab00 rng=8 9500/41760 t=317s sigs=5 snap=123 err=0
      q=10 ab00 rng=8 10000/41760 t=335s sigs=5 snap=129 err=0
      q=10 ab00 rng=8 10500/41760 t=352s sigs=5 snap=135 err=0
      q=10 ab00 rng=8 11000/41760 t=369s sigs=5 snap=145 err=0
      q=10 ab00 rng=8 11500/41760 t=385s sigs=5 snap=157 err=0
      q=10 ab00 rng=8 12000/41760 t=402s sigs=5 snap=166 err=0
      q=10 ab00 rng=8 12500/41760 t=418s sigs=5 snap=171 err=0
      q=10 ab00 rng=8 13000/41760 t=435s sigs=5 snap=178 err=0
      q=10 ab00 rng=8 13500/41760 t=451s sigs=5 snap=182 err=0
      q=10 ab00 rng=8 14000/41760 t=468s sigs=5 snap=192 err=0
      q=10 ab00 rng=8 14500/41760 t=484s sigs=5 snap=200 err=0
      q=10 ab00 rng=8 15000/41760 t=500s sigs=5 snap=212 err=0
      q=10 ab00 rng=8 15500/41760 t=517s sigs=5 snap=220 err=0
      q=10 ab00 rng=8 16000/41760 t=533s sigs=5 snap=227 err=0
      q=10 ab00 rng=8 16500/41760 t=550s sigs=5 snap=236 err=0
      q=10 ab00 rng=8 17000/41760 t=566s sigs=5 snap=245 err=0
      q=10 ab00 rng=8 17500/41760 t=583s sigs=5 snap=252 err=0
      q=10 ab00 rng=8 18000/41760 t=599s sigs=5 snap=259 err=0
      q=10 ab00 rng=8 18500/41760 t=616s sigs=5 snap=261 err=0
      q=10 ab00 rng=8 19000/41760 t=633s sigs=5 snap=272 err=0
      q=10 ab00 rng=8 19500/41760 t=649s sigs=5 snap=279 err=0
      q=10 ab00 rng=8 20000/41760 t=665s sigs=5 snap=288 err=0
      q=10 ab00 rng=8 20500/41760 t=682s sigs=5 snap=293 err=0
      q=10 ab00 rng=8 21000/41760 t=698s sigs=5 snap=298 err=0
      q=10 ab00 rng=8 21500/41760 t=715s sigs=5 snap=304 err=0
      q=10 ab00 rng=8 22000/41760 t=731s sigs=5 snap=311 err=0
      q=10 ab00 rng=8 22500/41760 t=748s sigs=5 snap=318 err=0
      q=10 ab00 rng=8 23000/41760 t=765s sigs=5 snap=320 err=0
      q=10 ab00 rng=8 23500/41760 t=781s sigs=5 snap=331 err=0
      q=10 ab00 rng=8 24000/41760 t=798s sigs=5 snap=340 err=0
      q=10 ab00 rng=8 24500/41760 t=814s sigs=5 snap=346 err=0
      q=10 ab00 rng=8 25000/41760 t=830s sigs=5 snap=352 err=0
      q=10 ab00 rng=8 25500/41760 t=846s sigs=5 snap=362 err=0
      q=10 ab00 rng=8 26000/41760 t=863s sigs=5 snap=369 err=0
      q=10 ab00 rng=8 26500/41760 t=879s sigs=5 snap=371 err=0
      q=10 ab00 rng=8 27000/41760 t=896s sigs=5 snap=374 err=0
      q=10 ab00 rng=8 27500/41760 t=912s sigs=5 snap=382 err=0
      q=10 ab00 rng=8 28000/41760 t=929s sigs=5 snap=389 err=0
      q=10 ab00 rng=8 28500/41760 t=945s sigs=5 snap=397 err=0
      q=10 ab00 rng=8 29000/41760 t=962s sigs=5 snap=408 err=0
      q=10 ab00 rng=8 29500/41760 t=979s sigs=5 snap=415 err=0
      q=10 ab00 rng=8 30000/41760 t=995s sigs=5 snap=424 err=0
      q=10 ab00 rng=8 30500/41760 t=1012s sigs=5 snap=432 err=0
      q=10 ab00 rng=8 31000/41760 t=1028s sigs=5 snap=438 err=0
      q=10 ab00 rng=8 31500/41760 t=1046s sigs=5 snap=443 err=0
      q=10 ab00 rng=8 32000/41760 t=1063s sigs=5 snap=446 err=0
      q=10 ab00 rng=8 32500/41760 t=1080s sigs=5 snap=454 err=0
      q=10 ab00 rng=8 33000/41760 t=1096s sigs=5 snap=457 err=0
      q=10 ab00 rng=8 33500/41760 t=1113s sigs=5 snap=468 err=0
      q=10 ab00 rng=8 34000/41760 t=1130s sigs=5 snap=474 err=0
      q=10 ab00 rng=8 34500/41760 t=1146s sigs=5 snap=484 err=0
      q=10 ab00 rng=8 35000/41760 t=1162s sigs=5 snap=490 err=0
      q=10 ab00 rng=8 35500/41760 t=1179s sigs=5 snap=494 err=0
      q=10 ab00 rng=8 36000/41760 t=1196s sigs=5 snap=497 err=0
      q=10 ab00 rng=8 36500/41760 t=1214s sigs=5 snap=504 err=0
      q=10 ab00 rng=8 37000/41760 t=1230s sigs=5 snap=509 err=0
      q=10 ab00 rng=8 37500/41760 t=1247s sigs=5 snap=519 err=0
      q=10 ab00 rng=8 38000/41760 t=1263s sigs=5 snap=524 err=0
      q=10 ab00 rng=8 38500/41760 t=1280s sigs=5 snap=532 err=0
      q=10 ab00 rng=8 39000/41760 t=1297s sigs=5 snap=535 err=0
      q=10 ab00 rng=8 39500/41760 t=1314s sigs=5 snap=538 err=0
      q=10 ab00 rng=8 40000/41760 t=1330s sigs=5 snap=548 err=0
      q=10 ab00 rng=8 40500/41760 t=1347s sigs=5 snap=553 err=0
      q=10 ab00 rng=8 41000/41760 t=1363s sigs=5 snap=561 err=0
      q=10 ab00 rng=8 41500/41760 t=1380s sigs=5 snap=572 err=0
  8 |   41760 |   41760 |     576 |             5 |   0 |   1388.4  errors=0
      wrote C:\Users\nanma\Documents\vZome\zomeable-4polytopes\ongoing_work\probe_4q_sigs_q10_ab00_rng8.json

Summary (q=10, plane=ab00):
  rng=7  distinct_sigs=5
  rng=8  distinct_sigs=5
