================================================================================
Stage 1: Index existing corpus signatures (output + master regulars)
================================================================================
indexed 88 files across 88 unique sigs

================================================================================
Stage 2: Verify candidate_new_canonical Stage-B sigs from staged files
================================================================================
  bitruncated tesseract          fp=0e82f4b3c5 V=96 E=192 kernel=[0.381966, 0.381966, -0.381966, -1.618034]  KEEP
  bitruncated tesseract          fp=77574f424e V=96 E=192 kernel=[0.381966, -1.618034, 1.618034, 1.618034]  KEEP
  bitruncated tesseract          fp=8cdc61d001 V=96 E=192 kernel=[3.618034, -1.618034, 1.618034, 1.618034]  KEEP

================================================================================
Stage 3: Cross-polytope dedup among candidates
================================================================================
  no cross-polytope duplicates among 3 candidates.

================================================================================
Stage 4: Classify kernels and assign filenames
================================================================================
  bitruncated tesseract          kernel=[0.381966, 0.381966, -0.381966, -1.618034]  ->  (oblique, None)
  bitruncated tesseract          kernel=[0.381966, -1.618034, 1.618034, 1.618034]  ->  (oblique, None)
  bitruncated tesseract          kernel=[3.618034, -1.618034, 1.618034, 1.618034]  ->  (face_first, hexagon)
  bitruncated tesseract          -> oblique_00_80a961d9da.vZome
  bitruncated tesseract          -> oblique_01_26f0b7c6e6.vZome
  bitruncated tesseract          -> face_first_hexagon_df821cc628.vZome

================================================================================
Stage 5: Copy files into output/wythoff_sweep/<slug>/
================================================================================
  copied fp_0e82f4b3c5e5a9b8.vZome
      -> output\wythoff_sweep\bitruncated_tesseract\oblique_00_80a961d9da.vZome
  copied fp_77574f424e016f45.vZome
      -> output\wythoff_sweep\bitruncated_tesseract\oblique_01_26f0b7c6e6.vZome
  copied fp_8cdc61d0017b2cee.vZome
      -> output\wythoff_sweep\bitruncated_tesseract\face_first_hexagon_df821cc628.vZome

================================================================================
Stage 5b: Normalise physical scale within each polytope (* phi^-k)
================================================================================
  bitruncated_tesseract: canonical target min_edge = 9.06914 (3 existing + 3 new)
    oblique_00_80a961d9da.vZome: WARNING ratio=1.3574 not a clean power of phi -- LEAVING AS-IS
    oblique_01_26f0b7c6e6.vZome: WARNING ratio=2.1964 not a clean power of phi -- LEAVING AS-IS
    face_first_hexagon_df821cc628.vZome: WARNING ratio=3.5538 not a clean power of phi -- LEAVING AS-IS

================================================================================
Stage 6: Append entries to manifest.json (rng=2 + Milestone 17 note)
================================================================================
  bitruncated tesseract          oblique_00_80a961d9da.vZome  label=oblique/None  struts={'G': 48, 'Y': 48, 'B': 48, 'R': 48}
  bitruncated tesseract          oblique_01_26f0b7c6e6.vZome  label=oblique/None  struts={'R': 48, 'B': 48, 'Y': 48, 'G': 48}
  bitruncated tesseract          face_first_hexagon_df821cc628.vZome  label=face_first/hexagon  struts={'R': 48, 'G': 48, 'Y': 48, 'B': 48}

  manifest now has 96 shape entries (n_ok=217, n_fail=27)

================================================================================
PROMOTED 3 NEW SHAPES (Milestone 17 blind-spot audit).
================================================================================
