  edge_min  pair_min  balls  edges  path
     9.960     9.960   1860   3600  output/wythoff_sweep\bitruncated_120-cell\H4_0110_00_04cd47c59a.vZome
     9.960     9.960   1860   3600  output/wythoff_sweep\bitruncated_120-cell\H4_0110_01_d5e0a9df5d.vZome
     9.960     9.960   1860   3600  output/wythoff_sweep\bitruncated_120-cell\H4_0110_02_6f289fe95c.vZome
     9.960     9.960   1860   3600  output/wythoff_sweep\bitruncated_120-cell\H4_0110_03_5f1d3ef650.vZome
    10.705    10.705     30     60  output/wythoff_sweep\bitruncated_5-cell\A4_0110_00_467bb01461.vZome
    14.531     9.443     30     60  output/wythoff_sweep\bitruncated_5-cell\A4_0110_01_190a7b1c71.vZome
    14.531    14.531     30     60  output/wythoff_sweep\bitruncated_5-cell\A4_0110_02_9e2d21191f.vZome
    13.232    13.232     18     30  output/wythoff_sweep\bitruncated_5-cell\A4_0110_03_be9338e636.vZome
    10.472    10.472     60    108  output/wythoff_sweep\bitruncated_tesseract\B4_0110_00_aceab99c00.vZome
     9.069     9.069     52     92  output/wythoff_sweep\bitruncated_tesseract\B4_0110_01_40be7cc1d7.vZome
    10.472    10.472     96    192  output/wythoff_sweep\bitruncated_tesseract\B4_0110_02_3c7ea12f56.vZome
    16.115     9.960   1860   5340  output/wythoff_sweep\cantellated_120-cell\H4_1010_00_11927f5a0f.vZome
    16.115     9.960   1860   5340  output/wythoff_sweep\cantellated_120-cell\H4_1010_01_51ac222d7b.vZome
    16.115     9.960   1860   5340  output/wythoff_sweep\cantellated_120-cell\H4_1010_02_04c056fa6f.vZome
    16.115     9.960   1860   5340  output/wythoff_sweep\cantellated_120-cell\H4_1010_03_feebd08dde.vZome
    16.115     9.960   1860   5340  output/wythoff_sweep\cantellated_120-cell\H4_1010_04_a87be0db65.vZome
    10.472    10.472     60    156  output/wythoff_sweep\cantellated_16-cell\B4_0101_00_5452b20702.vZome
     9.069     9.069     52    132  output/wythoff_sweep\cantellated_16-cell\B4_0101_01_cca712ec6e.vZome
    10.705    10.705     30     90  output/wythoff_sweep\cantellated_5-cell\A4_1010_00_e1d5c7a081.vZome
    14.531    13.232     30     90  output/wythoff_sweep\cantellated_5-cell\A4_1010_01_a6537a898e.vZome
    14.531    13.232     30     90  output/wythoff_sweep\cantellated_5-cell\A4_1010_02_1c346b0e6a.vZome
    13.232    13.232     18     42  output/wythoff_sweep\cantellated_5-cell\A4_1010_03_e7d00a6967.vZome
     9.960     9.069   1860   5340  output/wythoff_sweep\cantellated_600-cell\H4_0101_00_d6adf55a40.vZome
     9.960     9.069   1860   5340  output/wythoff_sweep\cantellated_600-cell\H4_0101_01_d78b84c72e.vZome
     9.960     9.069   1860   5340  output/wythoff_sweep\cantellated_600-cell\H4_0101_02_9269136b5b.vZome
     9.960     9.069   1860   5340  output/wythoff_sweep\cantellated_600-cell\H4_0101_03_146e0f9552.vZome
     9.960     9.069   1860   5340  output/wythoff_sweep\cantellated_600-cell\H4_0101_04_9972351909.vZome
     9.960     9.069   3660   7140  output/wythoff_sweep\cantitruncated_120-cell\H4_1110_00_e45dd01d6e.vZome
     9.960     9.069   3660   7140  output/wythoff_sweep\cantitruncated_120-cell\H4_1110_01_416fbd8e39.vZome
     9.960     9.069   3660   7140  output/wythoff_sweep\cantitruncated_120-cell\H4_1110_02_3e43cba23f.vZome
     9.960     9.069   3660   7140  output/wythoff_sweep\cantitruncated_120-cell\H4_1110_03_92c3434528.vZome
     9.960     9.069   3660   7140  output/wythoff_sweep\cantitruncated_120-cell\H4_1110_04_76caf52230.vZome
     9.960     9.069   3660   7140  output/wythoff_sweep\cantitruncated_120-cell\H4_1110_05_1ae105e553.vZome
     9.960     9.069   3660   7140  output/wythoff_sweep\cantitruncated_120-cell\H4_1110_06_9d39cd0b03.vZome
     9.960     9.069   3660   7140  output/wythoff_sweep\cantitruncated_120-cell\H4_1110_07_b4f719ee37.vZome
     9.960     9.069   3660   7140  output/wythoff_sweep\cantitruncated_120-cell\H4_1110_08_f7d1282c71.vZome
     9.960     9.069   3660   7140  output/wythoff_sweep\cantitruncated_120-cell\H4_1110_09_633ba56c30.vZome
     9.960     9.069   3660   7140  output/wythoff_sweep\cantitruncated_120-cell\H4_1110_10_7af56c5f99.vZome
    10.472    10.472    120    216  output/wythoff_sweep\cantitruncated_16-cell\B4_0111_00_598a9495c4.vZome
     9.069     9.069     96    176  output/wythoff_sweep\cantitruncated_16-cell\B4_0111_01_5f5834c161.vZome
    10.705    10.705     60    120  output/wythoff_sweep\cantitruncated_5-cell\A4_1110_00_6a8e448e70.vZome
    14.531    12.492     60    120  output/wythoff_sweep\cantitruncated_5-cell\A4_1110_01_c1635833bd.vZome
    23.511    13.232     60    120  output/wythoff_sweep\cantitruncated_5-cell\A4_1110_02_6189be49ed.vZome
    23.511    13.232     60    120  output/wythoff_sweep\cantitruncated_5-cell\A4_1110_03_1f76ff2f94.vZome
    13.232    13.232     33     57  output/wythoff_sweep\cantitruncated_5-cell\A4_1110_04_befb910d19.vZome
    23.511    13.232     60    120  output/wythoff_sweep\cantitruncated_5-cell\A4_1110_05_53a4d0700d.vZome
    23.511    13.232     60    120  output/wythoff_sweep\cantitruncated_5-cell\A4_1110_06_85a806f8ee.vZome
    16.115     9.069   3660   7140  output/wythoff_sweep\cantitruncated_600-cell\H4_0111_00_7c320f9d25.vZome
    16.115     9.069   3660   7140  output/wythoff_sweep\cantitruncated_600-cell\H4_0111_01_aa55b8a9d1.vZome
    16.115     9.069   3660   7140  output/wythoff_sweep\cantitruncated_600-cell\H4_0111_02_ca7e9a1234.vZome
    16.115     9.069   3660   7140  output/wythoff_sweep\cantitruncated_600-cell\H4_0111_03_b92076625c.vZome
    16.115     9.069   3660   7140  output/wythoff_sweep\cantitruncated_600-cell\H4_0111_04_e60e673cfd.vZome
    16.115     9.069   3660   7140  output/wythoff_sweep\cantitruncated_600-cell\H4_0111_05_669e04c0d9.vZome
    16.115     9.069   3660   7140  output/wythoff_sweep\cantitruncated_600-cell\H4_0111_06_e30149ab81.vZome
    16.115     9.069   3660   7140  output/wythoff_sweep\cantitruncated_600-cell\H4_0111_07_800f72c3ba.vZome
    16.115     9.069   3660   7140  output/wythoff_sweep\cantitruncated_600-cell\H4_0111_08_f85e2e96c7.vZome
    16.115     9.069   3660   7140  output/wythoff_sweep\cantitruncated_600-cell\H4_0111_09_6237017ed4.vZome
    16.115     9.069   3660   7140  output/wythoff_sweep\cantitruncated_600-cell\H4_0111_10_731abc5dc0.vZome
    16.115     9.069   3660   7140  output/wythoff_sweep\cantitruncated_600-cell\H4_0111_11_98d0fae89b.vZome
    16.115     9.069   3660   7140  output/wythoff_sweep\cantitruncated_600-cell\H4_0111_12_b5a8ec0026.vZome
    16.115     9.069   3660   7140  output/wythoff_sweep\cantitruncated_600-cell\H4_0111_13_1fc5749f9e.vZome
    16.115     9.069   3660   7140  output/wythoff_sweep\cantitruncated_600-cell\H4_0111_14_b54e075a59.vZome
    16.115     9.069   3660   7140  output/wythoff_sweep\cantitruncated_600-cell\H4_0111_15_d2bc1b0ca3.vZome
    16.115     9.069   3660   7140  output/wythoff_sweep\cantitruncated_600-cell\H4_0111_16_1dd1965c7d.vZome
    16.115     9.069   3660   7140  output/wythoff_sweep\cantitruncated_600-cell\H4_0111_17_c95674ff52.vZome
    16.115     9.069   3660   7140  output/wythoff_sweep\cantitruncated_600-cell\H4_0111_18_da41392ff5.vZome
    16.115     9.069   3660   7140  output/wythoff_sweep\cantitruncated_600-cell\H4_0111_19_59350c907e.vZome
    16.115     9.069   3660   7140  output/wythoff_sweep\cantitruncated_600-cell\H4_0111_20_24655dcf09.vZome
    16.115     9.069   3660   7140  output/wythoff_sweep\cantitruncated_600-cell\H4_0111_21_a2c47bfa62.vZome
    16.115     9.069   3660   7140  output/wythoff_sweep\cantitruncated_600-cell\H4_0111_22_665d7f8ac3.vZome
    16.115     9.069   3660   7140  output/wythoff_sweep\cantitruncated_600-cell\H4_0111_23_1a0d721320.vZome
    16.115     9.069   3660   7140  output/wythoff_sweep\cantitruncated_600-cell\H4_0111_24_8f579c25f1.vZome
    16.115     9.069   3660   7140  output/wythoff_sweep\cantitruncated_600-cell\H4_0111_25_49d3d59b0b.vZome
    16.115     9.069   7200  14160  output/wythoff_sweep\omnitruncated_120-cell\H4_1111_00_6530022112.vZome
    16.115     9.069   7200  14160  output/wythoff_sweep\omnitruncated_120-cell\H4_1111_01_b2f04de7df.vZome
    16.115     9.069   7200  14160  output/wythoff_sweep\omnitruncated_120-cell\H4_1111_02_0b7e8bc85e.vZome
    16.115     9.069   7200  14160  output/wythoff_sweep\omnitruncated_120-cell\H4_1111_03_b4c2c2bed8.vZome
    16.115     9.069   7200  14160  output/wythoff_sweep\omnitruncated_120-cell\H4_1111_04_1b3933ec22.vZome
    16.115     9.069   7200  14160  output/wythoff_sweep\omnitruncated_120-cell\H4_1111_05_05894248e7.vZome
    16.115     9.069   7200  14160  output/wythoff_sweep\omnitruncated_120-cell\H4_1111_06_281de9b856.vZome
    16.115     9.069   7200  14160  output/wythoff_sweep\omnitruncated_120-cell\H4_1111_07_b193f93889.vZome
    16.115     9.069   7200  14160  output/wythoff_sweep\omnitruncated_120-cell\H4_1111_08_62b1504db7.vZome
    16.115     9.069   7200  14160  output/wythoff_sweep\omnitruncated_120-cell\H4_1111_09_d7d03f785d.vZome
    16.115     9.069   7200  14160  output/wythoff_sweep\omnitruncated_120-cell\H4_1111_10_fd1373d44b.vZome
    16.115     9.069   7200  14160  output/wythoff_sweep\omnitruncated_120-cell\H4_1111_11_b8928db2e2.vZome
    16.115     9.069   7200  14160  output/wythoff_sweep\omnitruncated_120-cell\H4_1111_12_2bfdf4b6ef.vZome
    16.115     9.069   7200  14160  output/wythoff_sweep\omnitruncated_120-cell\H4_1111_13_0a7dae4901.vZome
    16.115     9.069   7200  14160  output/wythoff_sweep\omnitruncated_120-cell\H4_1111_14_a56086e064.vZome
    16.115     9.069   7200  14160  output/wythoff_sweep\omnitruncated_120-cell\H4_1111_15_0ecfe79e5e.vZome
    16.115     9.069   7200  14160  output/wythoff_sweep\omnitruncated_120-cell\H4_1111_16_a2398d5d4a.vZome
    16.115     9.069   7200  14160  output/wythoff_sweep\omnitruncated_120-cell\H4_1111_17_3a7b00ed31.vZome
    16.115     9.069   7200  14160  output/wythoff_sweep\omnitruncated_120-cell\H4_1111_18_20e75f4939.vZome
    16.115     9.069   7200  14160  output/wythoff_sweep\omnitruncated_120-cell\H4_1111_19_87ba4b3994.vZome
    16.115     9.069   7200  14160  output/wythoff_sweep\omnitruncated_120-cell\H4_1111_20_81f39e3a23.vZome
    16.115     9.069   7200  14160  output/wythoff_sweep\omnitruncated_120-cell\H4_1111_21_94f5c9c278.vZome
    16.115     9.069   7200  14160  output/wythoff_sweep\omnitruncated_120-cell\H4_1111_22_3ff4ffcf2a.vZome
    16.115     9.069   7200  14160  output/wythoff_sweep\omnitruncated_120-cell\H4_1111_23_013cba0769.vZome
    16.115     9.069   7200  14160  output/wythoff_sweep\omnitruncated_120-cell\H4_1111_24_8609c8d358.vZome
    16.115     9.069   7200  14160  output/wythoff_sweep\omnitruncated_120-cell\H4_1111_25_6c686781c2.vZome
    16.115     9.069   7200  14160  output/wythoff_sweep\omnitruncated_120-cell\H4_1111_26_af091d409b.vZome
    16.115     9.069   7200  14160  output/wythoff_sweep\omnitruncated_120-cell\H4_1111_27_6dad26f8ce.vZome
    16.115     9.069   7200  14160  output/wythoff_sweep\omnitruncated_120-cell\H4_1111_28_24a8d9bc99.vZome
    16.115     9.069   7200  14160  output/wythoff_sweep\omnitruncated_120-cell\H4_1111_29_de6adacc80.vZome
    16.115     9.069   7200  14160  output/wythoff_sweep\omnitruncated_120-cell\H4_1111_30_f1d39a397c.vZome
    16.115     9.069   7200  14160  output/wythoff_sweep\omnitruncated_120-cell\H4_1111_31_3309702dc5.vZome
    16.115     9.069   7200  14160  output/wythoff_sweep\omnitruncated_120-cell\H4_1111_32_c9355e379c.vZome
    16.115     9.069   7200  14160  output/wythoff_sweep\omnitruncated_120-cell\H4_1111_33_29fe0c07e2.vZome
    16.115     9.069   7200  14160  output/wythoff_sweep\omnitruncated_120-cell\H4_1111_34_0201baf7a3.vZome
    16.115     9.069   7200  14160  output/wythoff_sweep\omnitruncated_120-cell\H4_1111_35_4525a9d7e3.vZome
    16.115     9.069   7200  14160  output/wythoff_sweep\omnitruncated_120-cell\H4_1111_36_971ff6c446.vZome
    16.115     9.069   7200  14160  output/wythoff_sweep\omnitruncated_120-cell\H4_1111_37_8698d8421a.vZome
    16.115     9.069   7200  14160  output/wythoff_sweep\omnitruncated_120-cell\H4_1111_38_e3b9993e75.vZome
    16.115     9.069   7200  14160  output/wythoff_sweep\omnitruncated_120-cell\H4_1111_39_7f30f14d84.vZome
    16.115     9.069   7200  14160  output/wythoff_sweep\omnitruncated_120-cell\H4_1111_40_b8aef3d92d.vZome
    16.115     9.069   7200  14160  output/wythoff_sweep\omnitruncated_120-cell\H4_1111_41_e4e29df04c.vZome
    16.115     9.069   7200  14160  output/wythoff_sweep\omnitruncated_120-cell\H4_1111_42_5e88217dbf.vZome
    16.115     9.069   7200  14160  output/wythoff_sweep\omnitruncated_120-cell\H4_1111_43_964659815b.vZome
    16.115     9.069   7200  14160  output/wythoff_sweep\omnitruncated_120-cell\H4_1111_44_c3a40f59b5.vZome
    16.115     9.069   7200  14160  output/wythoff_sweep\omnitruncated_120-cell\H4_1111_45_599fed7617.vZome
    16.115     9.069   7200  14160  output/wythoff_sweep\omnitruncated_120-cell\H4_1111_46_82a087d896.vZome
    16.115     9.069   7200  14160  output/wythoff_sweep\omnitruncated_120-cell\H4_1111_47_45ba58888b.vZome
    16.115     9.069   7200  14160  output/wythoff_sweep\omnitruncated_120-cell\H4_1111_48_57be3803dc.vZome
    16.115     9.069   7200  14160  output/wythoff_sweep\omnitruncated_120-cell\H4_1111_49_00512c47fe.vZome
    16.115     9.069   7200  14160  output/wythoff_sweep\omnitruncated_120-cell\H4_1111_50_9e2e193e49.vZome
    16.115     9.069   7200  14160  output/wythoff_sweep\omnitruncated_120-cell\H4_1111_51_1d7039d2db.vZome
    16.115     9.069   7200  14160  output/wythoff_sweep\omnitruncated_120-cell\H4_1111_52_910cfbbb72.vZome
    16.115     9.069   7200  14160  output/wythoff_sweep\omnitruncated_120-cell\H4_1111_53_b449d80f39.vZome
    16.115     9.069   7200  14160  output/wythoff_sweep\omnitruncated_120-cell\H4_1111_54_1a5d8c0939.vZome
    16.115     9.069   7200  14160  output/wythoff_sweep\omnitruncated_120-cell\H4_1111_55_17cdeb648d.vZome
    16.115     9.069   7200  14160  output/wythoff_sweep\omnitruncated_120-cell\H4_1111_56_a10a98bf75.vZome
    16.115     9.069   7200  14160  output/wythoff_sweep\omnitruncated_120-cell\H4_1111_57_0f6eecdb02.vZome
    16.115     9.069   7200  14160  output/wythoff_sweep\omnitruncated_120-cell\H4_1111_58_1871656b77.vZome
    16.115     9.069   7200  14160  output/wythoff_sweep\omnitruncated_120-cell\H4_1111_59_4604d6d605.vZome
    16.115     9.069   7200  14160  output/wythoff_sweep\omnitruncated_120-cell\H4_1111_60_f4b0068c4e.vZome
    16.115     9.069   7200  14160  output/wythoff_sweep\omnitruncated_120-cell\H4_1111_61_27009422bf.vZome
    16.115     9.069   7200  14160  output/wythoff_sweep\omnitruncated_120-cell\H4_1111_62_1870420905.vZome
    16.115     9.069   7200  14160  output/wythoff_sweep\omnitruncated_120-cell\H4_1111_63_a8e2a61deb.vZome
    16.115     9.069   7200  14160  output/wythoff_sweep\omnitruncated_120-cell\H4_1111_64_d5f606a226.vZome
    10.705    10.705     96    204  output/wythoff_sweep\omnitruncated_5-cell\A4_1111_00_94c404ee6a.vZome
    23.511     9.443    120    240  output/wythoff_sweep\omnitruncated_5-cell\A4_1111_01_9f73b85175.vZome
    23.511    13.232    120    240  output/wythoff_sweep\omnitruncated_5-cell\A4_1111_02_9f354d53ae.vZome
    23.511    13.232    120    240  output/wythoff_sweep\omnitruncated_5-cell\A4_1111_03_38f25a2cbb.vZome
    13.232    13.232     60    108  output/wythoff_sweep\omnitruncated_5-cell\A4_1111_04_c94790ed91.vZome
    23.511     9.443    120    240  output/wythoff_sweep\omnitruncated_5-cell\A4_1111_05_e4fb66f8e7.vZome
    23.511     9.443    120    240  output/wythoff_sweep\omnitruncated_5-cell\A4_1111_06_991048cd4e.vZome
    23.511     9.443    120    240  output/wythoff_sweep\omnitruncated_5-cell\A4_1111_07_600bccb09e.vZome
    23.511    13.232    120    240  output/wythoff_sweep\omnitruncated_5-cell\A4_1111_08_9028dd62eb.vZome
    23.511    13.232    120    240  output/wythoff_sweep\omnitruncated_5-cell\A4_1111_09_6d9784faf4.vZome
     9.960     9.960    640   1800  output/wythoff_sweep\rectified_120-cell\H4_0100_00_49633284a3.vZome
    16.115     9.069     96    288  output/wythoff_sweep\rectified_24-cell\F4_0100_02_56df31592c.vZome
    16.115     9.069     96    288  output/wythoff_sweep\rectified_24-cell\F4_0100_03_56093e7cd7.vZome
    16.115     9.069     96    288  output/wythoff_sweep\rectified_24-cell\F4_0100_04_1915a4f1b2.vZome
    10.705    10.705     10     30  output/wythoff_sweep\rectified_5-cell\A4_0100_00_18db22bc8b.vZome
    14.531    13.232     10     30  output/wythoff_sweep\rectified_5-cell\A4_0100_01_c2ff97e546.vZome
    14.531    14.531     10     30  output/wythoff_sweep\rectified_5-cell\A4_0100_02_4fe32006bf.vZome
    13.232    13.232      7     15  output/wythoff_sweep\rectified_5-cell\A4_0100_03_55abe81889.vZome
     9.960     9.069    396   1800  output/wythoff_sweep\rectified_600-cell\H4_0010_00_e631eef593.vZome
     9.960     9.069    396   1800  output/wythoff_sweep\rectified_600-cell\H4_0010_01_e690959a51.vZome
    10.472    10.472     20     48  output/wythoff_sweep\rectified_tesseract\B4_0100_00_86c7a043be.vZome
     9.069     9.069     20     48  output/wythoff_sweep\rectified_tesseract\B4_0100_01_24e9b2fd40.vZome
    10.472    10.472     32     96  output/wythoff_sweep\rectified_tesseract\B4_0100_02_b54c2aaed8.vZome
     9.960     9.069   1260   3600  output/wythoff_sweep\runcinated_120-cell\H4_1001_00_0d13d8d35e.vZome
     9.960     9.069   1260   3600  output/wythoff_sweep\runcinated_120-cell\H4_1001_01_8c1ae2542c.vZome
     9.960     9.069   1260   3600  output/wythoff_sweep\runcinated_120-cell\H4_1001_02_4bd3daf2ff.vZome
     9.960     9.069   1260   3600  output/wythoff_sweep\runcinated_120-cell\H4_1001_03_b26f233ca5.vZome
    10.705    10.705     20     60  output/wythoff_sweep\runcinated_5-cell\A4_1001_00_aef3339065.vZome
    14.531    13.232     20     60  output/wythoff_sweep\runcinated_5-cell\A4_1001_01_4547c11713.vZome
    14.531    14.531     20     60  output/wythoff_sweep\runcinated_5-cell\A4_1001_02_1c278a1d7d.vZome
    13.232    13.232     13     30  output/wythoff_sweep\runcinated_5-cell\A4_1001_03_6f67e6cb83.vZome
    16.115     9.960   3660   8880  output/wythoff_sweep\runcitruncated_120-cell\H4_1101_00_a4e5c7b80c.vZome
    16.115     9.960   3660   8880  output/wythoff_sweep\runcitruncated_120-cell\H4_1101_01_13e387db31.vZome
    16.115     9.960   3660   8880  output/wythoff_sweep\runcitruncated_120-cell\H4_1101_02_77bc10c853.vZome
    16.115     9.960   3660   8880  output/wythoff_sweep\runcitruncated_120-cell\H4_1101_03_2ff0da38f3.vZome
    16.115     9.960   3660   8880  output/wythoff_sweep\runcitruncated_120-cell\H4_1101_04_a5838ce67b.vZome
    16.115     9.960   3660   8880  output/wythoff_sweep\runcitruncated_120-cell\H4_1101_05_f451c8c5fb.vZome
    10.705    10.705     60    150  output/wythoff_sweep\runcitruncated_5-cell\A4_1101_00_8fb8506b88.vZome
    14.531     9.443     60    150  output/wythoff_sweep\runcitruncated_5-cell\A4_1101_01_e203af4fe0.vZome
    23.511    13.232     60    150  output/wythoff_sweep\runcitruncated_5-cell\A4_1101_02_db7b74a33d.vZome
    23.511    13.232     60    150  output/wythoff_sweep\runcitruncated_5-cell\A4_1101_03_26f9c4de5c.vZome
    13.232    13.232     33     69  output/wythoff_sweep\runcitruncated_5-cell\A4_1101_04_a98cfbe1f2.vZome
    23.511    13.232     60    150  output/wythoff_sweep\runcitruncated_5-cell\A4_1101_05_70107e6dc6.vZome
     9.960     9.069   3660   8880  output/wythoff_sweep\runcitruncated_600-cell\H4_1011_00_cd4fbb2bef.vZome
     9.960     9.069   3660   8880  output/wythoff_sweep\runcitruncated_600-cell\H4_1011_01_9c22ea52b4.vZome
     9.960     9.069   3660   8880  output/wythoff_sweep\runcitruncated_600-cell\H4_1011_02_9815da3055.vZome
     9.960     9.069   3660   8880  output/wythoff_sweep\runcitruncated_600-cell\H4_1011_03_8b82a8d4fc.vZome
     9.960     9.069   3660   8880  output/wythoff_sweep\runcitruncated_600-cell\H4_1011_04_7c5d26836a.vZome
     9.960     9.069   3660   8880  output/wythoff_sweep\runcitruncated_600-cell\H4_1011_05_0137580b4e.vZome
     9.960     9.069   3660   8880  output/wythoff_sweep\runcitruncated_600-cell\H4_1011_06_93f8773f2a.vZome
     9.960     9.069   3660   8880  output/wythoff_sweep\runcitruncated_600-cell\H4_1011_07_fb0b1ebf05.vZome
     9.960     9.069   3660   8880  output/wythoff_sweep\runcitruncated_600-cell\H4_1011_08_3b44cc41a2.vZome
     9.960     9.069   3660   8880  output/wythoff_sweep\runcitruncated_600-cell\H4_1011_09_e97405e509.vZome
     9.960     9.069   3660   8880  output/wythoff_sweep\runcitruncated_600-cell\H4_1011_10_920f7d9874.vZome
     9.960     9.960   1260   2420  output/wythoff_sweep\truncated_120-cell\H4_1100_00_37c52dd918.vZome
     9.960     9.960   1260   2420  output/wythoff_sweep\truncated_120-cell\H4_1100_01_35859e5613.vZome
     9.960     9.960   1260   2420  output/wythoff_sweep\truncated_120-cell\H4_1100_02_3b18c3dede.vZome
    10.472    10.472     36     78  output/wythoff_sweep\truncated_16-cell\B4_0011_00_bb5b56af58.vZome
     9.069     9.069     28     57  output/wythoff_sweep\truncated_16-cell\B4_0011_01_30ce845d3f.vZome
    10.472    10.472     48    120  output/wythoff_sweep\truncated_16-cell\B4_0011_02_bebffceea5.vZome
    26.075     9.069    192    384  output/wythoff_sweep\truncated_24-cell\F4_1100_02_c7db1d36fb.vZome
    26.075     9.069    192    384  output/wythoff_sweep\truncated_24-cell\F4_1100_03_6b7eadcbcf.vZome
    26.075     9.069    192    384  output/wythoff_sweep\truncated_24-cell\F4_1100_04_d98b5f4add.vZome
    26.075     9.069    192    384  output/wythoff_sweep\truncated_24-cell\F4_1100_05_b7477fe6c0.vZome
    10.705    10.705     20     40  output/wythoff_sweep\truncated_5-cell\A4_1100_00_82123904b0.vZome
    14.531    14.531     20     40  output/wythoff_sweep\truncated_5-cell\A4_1100_01_7df137dba4.vZome
    14.531    14.531     20     40  output/wythoff_sweep\truncated_5-cell\A4_1100_02_9fee63fe24.vZome
    13.232    13.232     13     21  output/wythoff_sweep\truncated_5-cell\A4_1100_03_cd65b76a7d.vZome
     9.960     9.960    780   2184  output/wythoff_sweep\truncated_600-cell\H4_0011_00_c2f8b43f1b.vZome
     9.960     9.960    780   2184  output/wythoff_sweep\truncated_600-cell\H4_0011_01_e7e32b6625.vZome
