=== prismatic sweep rng=2  (170 polytopes) ===
  generating kernels at rng=2 (permute_dedup=False)...
  195312 kernel directions (0.52s)
[21:03:19] [1/170   0.0% elapsed=0s ETA=0s] duoprism_3_3
  [duoprism_3_3] V=9 E=18
  [duoprism_3_3] 56 unique shapes -> 0 emitted, 56 snap-fail  (18.8s)
[21:03:38] [2/170   0.6% elapsed=19s ETA=3170s] duoprism_3_4
  [duoprism_3_4] V=12 E=24
  [duoprism_3_4] 85 unique shapes -> 0 emitted, 85 snap-fail  (21.9s)
[21:04:00] [3/170   1.2% elapsed=41s ETA=3416s] duoprism_3_5
  [duoprism_3_5] V=15 E=30
  [duoprism_3_5] 110 unique shapes -> 0 emitted, 110 snap-fail  (20.0s)
[21:04:20] [4/170   1.8% elapsed=61s ETA=3375s] duoprism_3_6
  [duoprism_3_6] V=18 E=36
  [duoprism_3_6] 112 unique shapes -> 1 emitted, 111 snap-fail  (20.5s)
[21:04:40] [5/170   2.4% elapsed=81s ETA=3369s] duoprism_4_5
  [duoprism_4_5] V=20 E=40
  [duoprism_4_5] 83 unique shapes -> 0 emitted, 83 snap-fail  (8.9s)
[21:04:49] [6/170   2.9% elapsed=90s ETA=2973s] duoprism_3_7
  [duoprism_3_7] V=21 E=42
  [duoprism_3_7] 55 unique shapes -> 0 emitted, 55 snap-fail  (18.6s)
[21:05:08] [7/170   3.5% elapsed=109s ETA=2971s] duoprism_3_8
  [duoprism_3_8] V=24 E=48
  [duoprism_3_8] 81 unique shapes -> 0 emitted, 81 snap-fail  (18.5s)
[21:05:26] [8/170   4.1% elapsed=127s ETA=2961s] duoprism_4_6
  [duoprism_4_6] V=24 E=48
  [duoprism_4_6] 85 unique shapes -> 1 emitted, 84 snap-fail  (9.2s)
[21:05:36] [9/170   4.7% elapsed=136s ETA=2761s] duoprism_5_5
  [duoprism_5_5] V=25 E=50
  [duoprism_5_5] 56 unique shapes -> 0 emitted, 56 snap-fail  (27.1s)
[21:06:03] [10/170   5.3% elapsed=163s ETA=2924s] duoprism_3_9
  [duoprism_3_9] V=27 E=54
  [duoprism_3_9] 55 unique shapes -> 0 emitted, 55 snap-fail  (18.9s)
[21:06:21] [11/170   5.9% elapsed=182s ETA=2917s] duoprism_4_7
  [duoprism_4_7] V=28 E=56
  [duoprism_4_7] 55 unique shapes -> 0 emitted, 55 snap-fail  (8.2s)
[21:06:30] [12/170   6.5% elapsed=190s ETA=2753s] duoprism_3_10
  [duoprism_3_10] V=30 E=60
  [duoprism_3_10] 110 unique shapes -> 0 emitted, 110 snap-fail  (20.9s)
[21:06:51] [13/170   7.1% elapsed=211s ETA=2783s] duoprism_5_6
  [duoprism_5_6] V=30 E=60
  [duoprism_5_6] 110 unique shapes -> 0 emitted, 110 snap-fail  (28.1s)
[21:07:19] [14/170   7.6% elapsed=239s ETA=2892s] duoprism_4_8
  [duoprism_4_8] V=32 E=64
  [duoprism_4_8] 54 unique shapes -> 0 emitted, 54 snap-fail  (7.9s)
[21:07:27] [15/170   8.2% elapsed=247s ETA=2757s] duoprism_3_11
  [duoprism_3_11] V=33 E=66
  [duoprism_3_11] 55 unique shapes -> 0 emitted, 55 snap-fail  (18.9s)
[21:07:45] [16/170   8.8% elapsed=266s ETA=2752s] duoprism_5_7
  [duoprism_5_7] V=35 E=70
  [duoprism_5_7] 55 unique shapes -> 0 emitted, 55 snap-fail  (26.6s)
[21:08:12] [17/170   9.4% elapsed=293s ETA=2819s] duoprism_3_12
  [duoprism_3_12] V=36 E=72
  [duoprism_3_12] 28 unique shapes -> 0 emitted, 28 snap-fail  (19.9s)
[21:08:32] [18/170  10.0% elapsed=313s ETA=2816s] duoprism_4_9
  [duoprism_4_9] V=36 E=72
  [duoprism_4_9] 55 unique shapes -> 0 emitted, 55 snap-fail  (8.4s)
[21:08:40] [19/170  10.6% elapsed=321s ETA=2713s] duoprism_6_6
  [duoprism_6_6] V=36 E=72
  [duoprism_6_6] 56 unique shapes -> 2 emitted, 54 snap-fail  (18.9s)
[21:08:59] [20/170  11.2% elapsed=340s ETA=2703s] duoprism_3_13
  [duoprism_3_13] V=39 E=78
  [duoprism_3_13] 53 unique shapes -> 0 emitted, 53 snap-fail  (18.9s)
[21:09:18] [21/170  11.8% elapsed=359s ETA=2693s] duoprism_4_10
  [duoprism_4_10] V=40 E=80
  [duoprism_4_10] 83 unique shapes -> 2 emitted, 81 snap-fail  (9.4s)
[21:09:28] [22/170  12.4% elapsed=368s ETA=2614s] duoprism_5_8
  [duoprism_5_8] V=40 E=80
  [duoprism_5_8] 80 unique shapes -> 0 emitted, 80 snap-fail  (25.5s)
[21:09:53] [23/170  12.9% elapsed=394s ETA=2650s] duoprism_3_14
  [duoprism_3_14] V=42 E=84
  [duoprism_3_14] 55 unique shapes -> 0 emitted, 55 snap-fail  (18.8s)
[21:10:12] [24/170  13.5% elapsed=413s ETA=2638s] duoprism_6_7
  [duoprism_6_7] V=42 E=84
  [duoprism_6_7] 55 unique shapes -> 0 emitted, 55 snap-fail  (18.7s)
[21:10:31] [25/170  14.1% elapsed=432s ETA=2625s] duoprism_4_11
  [duoprism_4_11] V=44 E=88
  [duoprism_4_11] 55 unique shapes -> 0 emitted, 55 snap-fail  (8.7s)
[21:10:39] [26/170  14.7% elapsed=440s ETA=2553s] duoprism_3_15
  [duoprism_3_15] V=45 E=90
  [duoprism_3_15] 58 unique shapes -> 0 emitted, 58 snap-fail  (19.7s)
[21:10:59] [27/170  15.3% elapsed=460s ETA=2548s] duoprism_5_9
  [duoprism_5_9] V=45 E=90
  [duoprism_5_9] 55 unique shapes -> 0 emitted, 55 snap-fail  (26.8s)
[21:11:26] [28/170  15.9% elapsed=487s ETA=2578s] duoprism_3_16
  [duoprism_3_16] V=48 E=96
  [duoprism_3_16] 25 unique shapes -> 0 emitted, 25 snap-fail  (17.1s)
[21:11:43] [29/170  16.5% elapsed=504s ETA=2556s] duoprism_4_12
  [duoprism_4_12] V=48 E=96
  [duoprism_4_12] 28 unique shapes -> 0 emitted, 28 snap-fail  (7.2s)
[21:11:50] [30/170  17.1% elapsed=511s ETA=2485s] duoprism_6_8
  [duoprism_6_8] V=48 E=96
  [duoprism_6_8] 81 unique shapes -> 0 emitted, 81 snap-fail  (18.7s)
[21:12:09] [31/170  17.6% elapsed=530s ETA=2473s] duoprism_7_7
  [duoprism_7_7] V=49 E=98
  [duoprism_7_7] 0 hits in 6.9s
[21:12:16] [32/170  18.2% elapsed=537s ETA=2406s] duoprism_5_10
  [duoprism_5_10] V=50 E=100
  [duoprism_5_10] 112 unique shapes -> 1 emitted, 111 snap-fail  (28.9s)
[21:12:45] [33/170  18.8% elapsed=566s ETA=2439s] duoprism_3_17
  [duoprism_3_17] V=51 E=102
  [duoprism_3_17] 58 unique shapes -> 0 emitted, 58 snap-fail  (19.2s)
[21:13:04] [34/170  19.4% elapsed=585s ETA=2428s] duoprism_4_13
  [duoprism_4_13] V=52 E=104
  [duoprism_4_13] 53 unique shapes -> 0 emitted, 53 snap-fail  (8.3s)
[21:13:12] [35/170  20.0% elapsed=593s ETA=2372s] duoprism_3_18
  [duoprism_3_18] V=54 E=108
  [duoprism_3_18] 55 unique shapes -> 0 emitted, 55 snap-fail  (18.3s)
[21:13:31] [36/170  20.6% elapsed=611s ETA=2358s] duoprism_6_9
  [duoprism_6_9] V=54 E=108
  [duoprism_6_9] 55 unique shapes -> 0 emitted, 55 snap-fail  (18.4s)
[21:13:49] [37/170  21.2% elapsed=630s ETA=2344s] duoprism_5_11
  [duoprism_5_11] V=55 E=110
  [duoprism_5_11] 55 unique shapes -> 0 emitted, 55 snap-fail  (26.4s)
[21:14:15] [38/170  21.8% elapsed=656s ETA=2359s] duoprism_4_14
  [duoprism_4_14] V=56 E=112
  [duoprism_4_14] 55 unique shapes -> 0 emitted, 55 snap-fail  (9.4s)
[21:14:25] [39/170  22.4% elapsed=666s ETA=2312s] duoprism_7_8
  [duoprism_7_8] V=56 E=112
  [duoprism_7_8] 55 unique shapes -> 0 emitted, 55 snap-fail  (9.3s)
[21:14:34] [40/170  22.9% elapsed=675s ETA=2267s] duoprism_3_19
  [duoprism_3_19] V=57 E=114
  [duoprism_3_19] 56 unique shapes -> 0 emitted, 56 snap-fail  (19.2s)
[21:14:53] [41/170  23.5% elapsed=694s ETA=2256s] duoprism_3_20
  [duoprism_3_20] V=60 E=120
  [duoprism_3_20] 28 unique shapes -> 0 emitted, 28 snap-fail  (16.9s)
[21:15:10] [42/170  24.1% elapsed=711s ETA=2237s] duoprism_4_15
  [duoprism_4_15] V=60 E=120
  [duoprism_4_15] 58 unique shapes -> 0 emitted, 58 snap-fail  (8.7s)
[21:15:19] [43/170  24.7% elapsed=720s ETA=2193s] duoprism_5_12
  [duoprism_5_12] V=60 E=120
  [duoprism_5_12] 28 unique shapes -> 0 emitted, 28 snap-fail  (23.8s)
[21:15:43] [44/170  25.3% elapsed=743s ETA=2196s] duoprism_6_10
  [duoprism_6_10] V=60 E=120
  [duoprism_6_10] 110 unique shapes -> 0 emitted, 110 snap-fail  (20.6s)
[21:16:03] [45/170  25.9% elapsed=764s ETA=2188s] duoprism_7_9
  [duoprism_7_9] V=63 E=126
  [duoprism_7_9] 0 hits in 6.8s
[21:16:10] [46/170  26.5% elapsed=771s ETA=2142s] duoprism_4_16
  [duoprism_4_16] V=64 E=128
  [duoprism_4_16] 25 unique shapes -> 0 emitted, 25 snap-fail  (7.2s)
[21:16:17] [47/170  27.1% elapsed=778s ETA=2098s] duoprism_8_8
  [duoprism_8_8] V=64 E=128
  [duoprism_8_8] 26 unique shapes -> 0 emitted, 26 snap-fail  (7.4s)
[21:16:25] [48/170  27.6% elapsed=786s ETA=2056s] duoprism_5_13
  [duoprism_5_13] V=65 E=130
  [duoprism_5_13] 55 unique shapes -> 0 emitted, 55 snap-fail  (26.5s)
[21:16:51] [49/170  28.2% elapsed=812s ETA=2064s] duoprism_6_11
  [duoprism_6_11] V=66 E=132
  [duoprism_6_11] 55 unique shapes -> 0 emitted, 55 snap-fail  (18.7s)
[21:17:10] [50/170  28.8% elapsed=831s ETA=2051s] duoprism_4_17
  [duoprism_4_17] V=68 E=136
  [duoprism_4_17] 58 unique shapes -> 0 emitted, 58 snap-fail  (8.9s)
[21:17:19] [51/170  29.4% elapsed=840s ETA=2015s] duoprism_5_14
  [duoprism_5_14] V=70 E=140
  [duoprism_5_14] 55 unique shapes -> 0 emitted, 55 snap-fail  (26.0s)
[21:17:45] [52/170  30.0% elapsed=866s ETA=2020s] duoprism_7_10
  [duoprism_7_10] V=70 E=140
  [duoprism_7_10] 55 unique shapes -> 0 emitted, 55 snap-fail  (8.9s)
[21:17:54] [53/170  30.6% elapsed=875s ETA=1985s] duoprism_4_18
  [duoprism_4_18] V=72 E=144
  [duoprism_4_18] 55 unique shapes -> 0 emitted, 55 snap-fail  (8.1s)
[21:18:02] [54/170  31.2% elapsed=883s ETA=1949s] duoprism_6_12
  [duoprism_6_12] V=72 E=144
  [duoprism_6_12] 28 unique shapes -> 0 emitted, 28 snap-fail  (16.8s)
[21:18:19] [55/170  31.8% elapsed=900s ETA=1932s] duoprism_8_9
  [duoprism_8_9] V=72 E=144
  [duoprism_8_9] 55 unique shapes -> 0 emitted, 55 snap-fail  (8.3s)
[21:18:27] [56/170  32.4% elapsed=908s ETA=1898s] duoprism_5_15
  [duoprism_5_15] V=75 E=150
  [duoprism_5_15] 58 unique shapes -> 0 emitted, 58 snap-fail  (26.7s)
[21:18:54] [57/170  32.9% elapsed=935s ETA=1903s] duoprism_4_19
  [duoprism_4_19] V=76 E=152
  [duoprism_4_19] 56 unique shapes -> 0 emitted, 56 snap-fail  (9.0s)
[21:19:03] [58/170  33.5% elapsed=944s ETA=1871s] duoprism_7_11
  [duoprism_7_11] V=77 E=154
  [duoprism_7_11] 0 hits in 6.9s
[21:19:10] [59/170  34.1% elapsed=950s ETA=1835s] duoprism_6_13
  [duoprism_6_13] V=78 E=156
  [duoprism_6_13] 53 unique shapes -> 0 emitted, 53 snap-fail  (18.7s)
[21:19:28] [60/170  34.7% elapsed=969s ETA=1823s] duoprism_4_20
  [duoprism_4_20] V=80 E=160
  [duoprism_4_20] 28 unique shapes -> 0 emitted, 28 snap-fail  (8.6s)
[21:19:37] [61/170  35.3% elapsed=978s ETA=1792s] duoprism_5_16
  [duoprism_5_16] V=80 E=160
  [duoprism_5_16] 25 unique shapes -> 0 emitted, 25 snap-fail  (25.4s)
[21:20:02] [62/170  35.9% elapsed=1003s ETA=1793s] duoprism_8_10
  [duoprism_8_10] V=80 E=160
  [duoprism_8_10] 81 unique shapes -> 0 emitted, 81 snap-fail  (9.3s)
[21:20:12] [63/170  36.5% elapsed=1012s ETA=1764s] duoprism_9_9
  [duoprism_9_9] V=81 E=162
  [duoprism_9_9] 0 hits in 7.0s
[21:20:19] [64/170  37.1% elapsed=1019s ETA=1731s] duoprism_6_14
  [duoprism_6_14] V=84 E=168
  [duoprism_6_14] 55 unique shapes -> 0 emitted, 55 snap-fail  (18.4s)
[21:20:37] [65/170  37.6% elapsed=1038s ETA=1719s] duoprism_7_12
  [duoprism_7_12] V=84 E=168
  [duoprism_7_12] 0 hits in 6.5s
[21:20:43] [66/170  38.2% elapsed=1044s ETA=1687s] duoprism_5_17
  [duoprism_5_17] V=85 E=170
  [duoprism_5_17] 58 unique shapes -> 0 emitted, 58 snap-fail  (27.1s)
[21:21:10] [67/170  38.8% elapsed=1071s ETA=1688s] duoprism_8_11
  [duoprism_8_11] V=88 E=176
  [duoprism_8_11] 55 unique shapes -> 0 emitted, 55 snap-fail  (8.5s)
[21:21:19] [68/170  39.4% elapsed=1080s ETA=1660s] duoprism_5_18
  [duoprism_5_18] V=90 E=180
  [duoprism_5_18] 55 unique shapes -> 0 emitted, 55 snap-fail  (26.2s)
[21:21:45] [69/170  40.0% elapsed=1106s ETA=1659s] duoprism_6_15
  [duoprism_6_15] V=90 E=180
  [duoprism_6_15] 58 unique shapes -> 0 emitted, 58 snap-fail  (19.2s)
[21:22:04] [70/170  40.6% elapsed=1125s ETA=1647s] duoprism_9_10
  [duoprism_9_10] V=90 E=180
  [duoprism_9_10] 55 unique shapes -> 0 emitted, 55 snap-fail  (9.2s)
[21:22:14] [71/170  41.2% elapsed=1134s ETA=1621s] duoprism_7_13
  [duoprism_7_13] V=91 E=182
  [duoprism_7_13] 0 hits in 7.2s
[21:22:21] [72/170  41.8% elapsed=1142s ETA=1592s] duoprism_5_19
  [duoprism_5_19] V=95 E=190
  [duoprism_5_19] 56 unique shapes -> 0 emitted, 56 snap-fail  (27.1s)
[21:22:48] [73/170  42.4% elapsed=1169s ETA=1591s] duoprism_6_16
  [duoprism_6_16] V=96 E=192
  [duoprism_6_16] 25 unique shapes -> 0 emitted, 25 snap-fail  (16.8s)
[21:23:05] [74/170  42.9% elapsed=1186s ETA=1575s] duoprism_8_12
  [duoprism_8_12] V=96 E=192
  [duoprism_8_12] 28 unique shapes -> 0 emitted, 28 snap-fail  (7.4s)
[21:23:12] [75/170  43.5% elapsed=1193s ETA=1548s] duoprism_7_14
  [duoprism_7_14] V=98 E=196
  [duoprism_7_14] 0 hits in 6.7s
[21:23:19] [76/170  44.1% elapsed=1200s ETA=1520s] duoprism_9_11
  [duoprism_9_11] V=99 E=198
  [duoprism_9_11] 0 hits in 7.1s
[21:23:26] [77/170  44.7% elapsed=1207s ETA=1493s] duoprism_5_20
  [duoprism_5_20] V=100 E=200
  [duoprism_5_20] 28 unique shapes -> 0 emitted, 28 snap-fail  (24.1s)
[21:23:50] [78/170  45.3% elapsed=1231s ETA=1487s] duoprism_10_10
  [duoprism_10_10] V=100 E=200
  [duoprism_10_10] 56 unique shapes -> 2 emitted, 54 snap-fail  (27.6s)
[21:24:18] [79/170  45.9% elapsed=1259s ETA=1484s] duoprism_6_17
  [duoprism_6_17] V=102 E=204
  [duoprism_6_17] 58 unique shapes -> 0 emitted, 58 snap-fail  (19.3s)
[21:24:37] [80/170  46.5% elapsed=1278s ETA=1472s] duoprism_8_13
  [duoprism_8_13] V=104 E=208
  [duoprism_8_13] 55 unique shapes -> 0 emitted, 55 snap-fail  (8.8s)
[21:24:46] [81/170  47.1% elapsed=1287s ETA=1447s] duoprism_7_15
  [duoprism_7_15] V=105 E=210
  [duoprism_7_15] 0 hits in 7.3s
[21:24:53] [82/170  47.6% elapsed=1294s ETA=1422s] duoprism_6_18
  [duoprism_6_18] V=108 E=216
  [duoprism_6_18] 55 unique shapes -> 0 emitted, 55 snap-fail  (18.6s)
[21:25:12] [83/170  48.2% elapsed=1313s ETA=1409s] duoprism_9_12
  [duoprism_9_12] V=108 E=216
  [duoprism_9_12] 0 hits in 6.7s
[21:25:18] [84/170  48.8% elapsed=1319s ETA=1383s] duoprism_10_11
  [duoprism_10_11] V=110 E=220
  [duoprism_10_11] 55 unique shapes -> 0 emitted, 55 snap-fail  (26.7s)
[21:25:45] [85/170  49.4% elapsed=1346s ETA=1378s] duoprism_7_16
  [duoprism_7_16] V=112 E=224
  [duoprism_7_16] 0 hits in 6.7s
[21:25:52] [86/170  50.0% elapsed=1353s ETA=1353s] duoprism_8_14
  [duoprism_8_14] V=112 E=224
  [duoprism_8_14] 55 unique shapes -> 0 emitted, 55 snap-fail  (8.4s)
[21:26:00] [87/170  50.6% elapsed=1361s ETA=1329s] duoprism_6_19
  [duoprism_6_19] V=114 E=228
  [duoprism_6_19] 56 unique shapes -> 0 emitted, 56 snap-fail  (19.5s)
[21:26:20] [88/170  51.2% elapsed=1381s ETA=1317s] duoprism_9_13
  [duoprism_9_13] V=117 E=234
  [duoprism_9_13] 0 hits in 7.3s
[21:26:27] [89/170  51.8% elapsed=1388s ETA=1293s] duoprism_7_17
  [duoprism_7_17] V=119 E=238
  [duoprism_7_17] 0 hits in 7.4s
[21:26:35] [90/170  52.4% elapsed=1395s ETA=1270s] duoprism_6_20
  [duoprism_6_20] V=120 E=240
  [duoprism_6_20] 28 unique shapes -> 0 emitted, 28 snap-fail  (17.4s)
[21:26:52] [91/170  52.9% elapsed=1413s ETA=1256s] duoprism_8_15
  [duoprism_8_15] V=120 E=240
  [duoprism_8_15] 58 unique shapes -> 0 emitted, 58 snap-fail  (9.2s)
[21:27:01] [92/170  53.5% elapsed=1422s ETA=1234s] duoprism_10_12
  [duoprism_10_12] V=120 E=240
  [duoprism_10_12] 28 unique shapes -> 0 emitted, 28 snap-fail  (26.5s)
[21:27:28] [93/170  54.1% elapsed=1449s ETA=1228s] duoprism_11_11
  [duoprism_11_11] V=121 E=242
  [duoprism_11_11] 0 hits in 7.7s
[21:27:35] [94/170  54.7% elapsed=1456s ETA=1206s] duoprism_7_18
  [duoprism_7_18] V=126 E=252
  [duoprism_7_18] 0 hits in 8.6s
[21:27:44] [95/170  55.3% elapsed=1465s ETA=1184s] duoprism_9_14
  [duoprism_9_14] V=126 E=252
  [duoprism_9_14] 0 hits in 8.6s
[21:27:53] [96/170  55.9% elapsed=1473s ETA=1163s] duoprism_8_16
  [duoprism_8_16] V=128 E=256
  [duoprism_8_16] 25 unique shapes -> 0 emitted, 25 snap-fail  (8.2s)
[21:28:01] [97/170  56.5% elapsed=1482s ETA=1142s] duoprism_10_13
  [duoprism_10_13] V=130 E=260
  [duoprism_10_13] 55 unique shapes -> 0 emitted, 55 snap-fail  (28.0s)
[21:28:29] [98/170  57.1% elapsed=1510s ETA=1136s] duoprism_11_12
  [duoprism_11_12] V=132 E=264
  [duoprism_11_12] 0 hits in 7.2s
[21:28:36] [99/170  57.6% elapsed=1517s ETA=1114s] duoprism_7_19
  [duoprism_7_19] V=133 E=266
  [duoprism_7_19] 0 hits in 7.9s
[21:28:44] [100/170  58.2% elapsed=1525s ETA=1094s] duoprism_9_15
  [duoprism_9_15] V=135 E=270
  [duoprism_9_15] 0 hits in 7.8s
[21:28:52] [101/170  58.8% elapsed=1533s ETA=1073s] duoprism_8_17
  [duoprism_8_17] V=136 E=272
  [duoprism_8_17] 58 unique shapes -> 0 emitted, 58 snap-fail  (9.8s)
[21:29:02] [102/170  59.4% elapsed=1542s ETA=1054s] duoprism_7_20
  [duoprism_7_20] V=140 E=280
  [duoprism_7_20] 0 hits in 7.2s
[21:29:09] [103/170  60.0% elapsed=1550s ETA=1033s] duoprism_10_14
  [duoprism_10_14] V=140 E=280
  [duoprism_10_14] 55 unique shapes -> 0 emitted, 55 snap-fail  (28.4s)
[21:29:37] [104/170  60.6% elapsed=1578s ETA=1026s] duoprism_11_13
  [duoprism_11_13] V=143 E=286
  [duoprism_11_13] 0 hits in 7.7s
[21:29:45] [105/170  61.2% elapsed=1586s ETA=1006s] duoprism_8_18
  [duoprism_8_18] V=144 E=288
  [duoprism_8_18] 55 unique shapes -> 0 emitted, 55 snap-fail  (9.1s)
[21:29:54] [106/170  61.8% elapsed=1595s ETA=987s] duoprism_9_16
  [duoprism_9_16] V=144 E=288
  [duoprism_9_16] 0 hits in 7.2s
[21:30:01] [107/170  62.4% elapsed=1602s ETA=967s] duoprism_12_12
  [duoprism_12_12] V=144 E=288
  [duoprism_12_12] 0 hits in 6.7s
[21:30:08] [108/170  62.9% elapsed=1609s ETA=947s] duoprism_10_15
  [duoprism_10_15] V=150 E=300
  [duoprism_10_15] 58 unique shapes -> 0 emitted, 58 snap-fail  (28.4s)
[21:30:36] [109/170  63.5% elapsed=1637s ETA=940s] duoprism_8_19
  [duoprism_8_19] V=152 E=304
  [duoprism_8_19] 56 unique shapes -> 0 emitted, 56 snap-fail  (9.9s)
[21:30:46] [110/170  64.1% elapsed=1647s ETA=922s] duoprism_9_17
  [duoprism_9_17] V=153 E=306
  [duoprism_9_17] 0 hits in 7.9s
[21:30:54] [111/170  64.7% elapsed=1655s ETA=903s] duoprism_11_14
  [duoprism_11_14] V=154 E=308
  [duoprism_11_14] 0 hits in 7.3s
[21:31:01] [112/170  65.3% elapsed=1662s ETA=884s] duoprism_12_13
  [duoprism_12_13] V=156 E=312
  [duoprism_12_13] 0 hits in 7.4s
[21:31:09] [113/170  65.9% elapsed=1670s ETA=865s] duoprism_8_20
  [duoprism_8_20] V=160 E=320
  [duoprism_8_20] 28 unique shapes -> 0 emitted, 28 snap-fail  (8.4s)
[21:31:17] [114/170  66.5% elapsed=1678s ETA=846s] duoprism_10_16
  [duoprism_10_16] V=160 E=320
  [duoprism_10_16] 25 unique shapes -> 0 emitted, 25 snap-fail  (25.0s)
[21:31:42] [115/170  67.1% elapsed=1703s ETA=837s] duoprism_9_18
  [duoprism_9_18] V=162 E=324
  [duoprism_9_18] 0 hits in 7.2s
[21:31:49] [116/170  67.6% elapsed=1710s ETA=818s] duoprism_11_15
  [duoprism_11_15] V=165 E=330
  [duoprism_11_15] 0 hits in 7.8s
[21:31:57] [117/170  68.2% elapsed=1718s ETA=800s] duoprism_12_14
  [duoprism_12_14] V=168 E=336
  [duoprism_12_14] 0 hits in 6.9s
[21:32:04] [118/170  68.8% elapsed=1725s ETA=781s] duoprism_13_13
  [duoprism_13_13] V=169 E=338
  [duoprism_13_13] 0 hits in 7.8s
[21:32:12] [119/170  69.4% elapsed=1733s ETA=764s] duoprism_10_17
  [duoprism_10_17] V=170 E=340
  [duoprism_10_17] 58 unique shapes -> 0 emitted, 58 snap-fail  (28.8s)
[21:32:41] [120/170  70.0% elapsed=1762s ETA=755s] duoprism_9_19
  [duoprism_9_19] V=171 E=342
  [duoprism_9_19] 0 hits in 8.0s
[21:32:49] [121/170  70.6% elapsed=1770s ETA=737s] duoprism_11_16
  [duoprism_11_16] V=176 E=352
  [duoprism_11_16] 0 hits in 7.4s
[21:32:56] [122/170  71.2% elapsed=1777s ETA=720s] duoprism_9_20
  [duoprism_9_20] V=180 E=360
  [duoprism_9_20] 0 hits in 7.4s
[21:33:04] [123/170  71.8% elapsed=1785s ETA=702s] duoprism_10_18
  [duoprism_10_18] V=180 E=360
  [duoprism_10_18] 55 unique shapes -> 0 emitted, 55 snap-fail  (27.9s)
[21:33:32] [124/170  72.4% elapsed=1813s ETA=693s] duoprism_12_15
  [duoprism_12_15] V=180 E=360
  [duoprism_12_15] 0 hits in 7.6s
[21:33:39] [125/170  72.9% elapsed=1820s ETA=675s] duoprism_13_14
  [duoprism_13_14] V=182 E=364
  [duoprism_13_14] 0 hits in 7.3s
[21:33:47] [126/170  73.5% elapsed=1827s ETA=658s] duoprism_11_17
  [duoprism_11_17] V=187 E=374
  [duoprism_11_17] 0 hits in 8.3s
[21:33:55] [127/170  74.1% elapsed=1836s ETA=641s] duoprism_10_19
  [duoprism_10_19] V=190 E=380
  [duoprism_10_19] 56 unique shapes -> 0 emitted, 56 snap-fail  (31.5s)
[21:34:26] [128/170  74.7% elapsed=1867s ETA=632s] duoprism_12_16
  [duoprism_12_16] V=192 E=384
  [duoprism_12_16] 0 hits in 6.9s
[21:34:33] [129/170  75.3% elapsed=1874s ETA=615s] duoprism_13_15
  [duoprism_13_15] V=195 E=390
  [duoprism_13_15] 0 hits in 8.0s
[21:34:41] [130/170  75.9% elapsed=1882s ETA=598s] duoprism_14_14
  [duoprism_14_14] V=196 E=392
  [duoprism_14_14] 0 hits in 6.9s
[21:34:48] [131/170  76.5% elapsed=1889s ETA=581s] duoprism_11_18
  [duoprism_11_18] V=198 E=396
  [duoprism_11_18] 0 hits in 7.4s
[21:34:56] [132/170  77.1% elapsed=1896s ETA=565s] duoprism_10_20
  [duoprism_10_20] V=200 E=400
  [duoprism_10_20] 28 unique shapes -> 0 emitted, 28 snap-fail  (25.7s)
[21:35:21] [133/170  77.6% elapsed=1922s ETA=553s] duoprism_12_17
  [duoprism_12_17] V=204 E=408
  [duoprism_12_17] 0 hits in 7.6s
[21:35:29] [134/170  78.2% elapsed=1930s ETA=537s] duoprism_13_16
  [duoprism_13_16] V=208 E=416
  [duoprism_13_16] 0 hits in 7.5s
[21:35:36] [135/170  78.8% elapsed=1937s ETA=520s] duoprism_11_19
  [duoprism_11_19] V=209 E=418
  [duoprism_11_19] 0 hits in 8.1s
[21:35:45] [136/170  79.4% elapsed=1945s ETA=504s] duoprism_14_15
  [duoprism_14_15] V=210 E=420
  [duoprism_14_15] 0 hits in 7.6s
[21:35:52] [137/170  80.0% elapsed=1953s ETA=488s] duoprism_12_18
  [duoprism_12_18] V=216 E=432
  [duoprism_12_18] 0 hits in 7.0s
[21:35:59] [138/170  80.6% elapsed=1960s ETA=472s] duoprism_11_20
  [duoprism_11_20] V=220 E=440
  [duoprism_11_20] 0 hits in 7.6s
[21:36:07] [139/170  81.2% elapsed=1968s ETA=456s] duoprism_13_17
  [duoprism_13_17] V=221 E=442
  [duoprism_13_17] 0 hits in 8.5s
[21:36:15] [140/170  81.8% elapsed=1976s ETA=441s] duoprism_14_16
  [duoprism_14_16] V=224 E=448
  [duoprism_14_16] 0 hits in 8.6s
[21:36:24] [141/170  82.4% elapsed=1985s ETA=425s] duoprism_15_15
  [duoprism_15_15] V=225 E=450
  [duoprism_15_15] 0 hits in 8.3s
[21:36:32] [142/170  82.9% elapsed=1993s ETA=410s] duoprism_12_19
  [duoprism_12_19] V=228 E=456
  [duoprism_12_19] 0 hits in 7.8s
[21:36:40] [143/170  83.5% elapsed=2001s ETA=395s] duoprism_13_18
  [duoprism_13_18] V=234 E=468
  [duoprism_13_18] 0 hits in 7.5s
[21:36:47] [144/170  84.1% elapsed=2008s ETA=379s] duoprism_14_17
  [duoprism_14_17] V=238 E=476
  [duoprism_14_17] 0 hits in 7.7s
[21:36:55] [145/170  84.7% elapsed=2016s ETA=364s] duoprism_12_20
  [duoprism_12_20] V=240 E=480
  [duoprism_12_20] 0 hits in 7.1s
[21:37:02] [146/170  85.3% elapsed=2023s ETA=349s] duoprism_15_16
  [duoprism_15_16] V=240 E=480
  [duoprism_15_16] 0 hits in 7.6s
[21:37:10] [147/170  85.9% elapsed=2031s ETA=334s] duoprism_13_19
  [duoprism_13_19] V=247 E=494
  [duoprism_13_19] 0 hits in 8.2s
[21:37:18] [148/170  86.5% elapsed=2039s ETA=319s] duoprism_14_18
  [duoprism_14_18] V=252 E=504
  [duoprism_14_18] 0 hits in 7.1s
[21:37:25] [149/170  87.1% elapsed=2046s ETA=304s] duoprism_15_17
  [duoprism_15_17] V=255 E=510
  [duoprism_15_17] 0 hits in 8.3s
[21:37:34] [150/170  87.6% elapsed=2054s ETA=290s] duoprism_16_16
  [duoprism_16_16] V=256 E=512
  [duoprism_16_16] 0 hits in 7.2s
[21:37:41] [151/170  88.2% elapsed=2062s ETA=275s] duoprism_13_20
  [duoprism_13_20] V=260 E=520
  [duoprism_13_20] 0 hits in 7.6s
[21:37:48] [152/170  88.8% elapsed=2069s ETA=260s] duoprism_14_19
  [duoprism_14_19] V=266 E=532
  [duoprism_14_19] 0 hits in 7.8s
[21:37:56] [153/170  89.4% elapsed=2077s ETA=246s] duoprism_15_18
  [duoprism_15_18] V=270 E=540
  [duoprism_15_18] 0 hits in 7.8s
[21:38:04] [154/170  90.0% elapsed=2085s ETA=232s] duoprism_16_17
  [duoprism_16_17] V=272 E=544
  [duoprism_16_17] 0 hits in 7.8s
[21:38:12] [155/170  90.6% elapsed=2093s ETA=217s] duoprism_14_20
  [duoprism_14_20] V=280 E=560
  [duoprism_14_20] 0 hits in 7.1s
[21:38:19] [156/170  91.2% elapsed=2100s ETA=203s] duoprism_15_19
  [duoprism_15_19] V=285 E=570
  [duoprism_15_19] 0 hits in 8.4s
[21:38:27] [157/170  91.8% elapsed=2108s ETA=189s] duoprism_16_18
  [duoprism_16_18] V=288 E=576
  [duoprism_16_18] 0 hits in 7.2s
[21:38:34] [158/170  92.4% elapsed=2115s ETA=175s] duoprism_17_17
  [duoprism_17_17] V=289 E=578
  [duoprism_17_17] 0 hits in 8.4s
[21:38:43] [159/170  92.9% elapsed=2124s ETA=161s] duoprism_15_20
  [duoprism_15_20] V=300 E=600
  [duoprism_15_20] 0 hits in 7.7s
[21:38:51] [160/170  93.5% elapsed=2131s ETA=147s] duoprism_16_19
  [duoprism_16_19] V=304 E=608
  [duoprism_16_19] 0 hits in 7.9s
[21:38:58] [161/170  94.1% elapsed=2139s ETA=134s] duoprism_17_18
  [duoprism_17_18] V=306 E=612
  [duoprism_17_18] 0 hits in 7.8s
[21:39:06] [162/170  94.7% elapsed=2147s ETA=120s] duoprism_16_20
  [duoprism_16_20] V=320 E=640
  [duoprism_16_20] 0 hits in 7.3s
[21:39:13] [163/170  95.3% elapsed=2154s ETA=106s] duoprism_17_19
  [duoprism_17_19] V=323 E=646
  [duoprism_17_19] 0 hits in 8.6s
[21:39:22] [164/170  95.9% elapsed=2163s ETA=93s] duoprism_18_18
  [duoprism_18_18] V=324 E=648
  [duoprism_18_18] 0 hits in 7.2s
[21:39:29] [165/170  96.5% elapsed=2170s ETA=79s] duoprism_17_20
  [duoprism_17_20] V=340 E=680
  [duoprism_17_20] 0 hits in 7.8s
[21:39:37] [166/170  97.1% elapsed=2178s ETA=66s] duoprism_18_19
  [duoprism_18_19] V=342 E=684
  [duoprism_18_19] 0 hits in 8.0s
[21:39:45] [167/170  97.6% elapsed=2186s ETA=53s] duoprism_18_20
  [duoprism_18_20] V=360 E=720
  [duoprism_18_20] 0 hits in 7.3s
[21:39:52] [168/170  98.2% elapsed=2193s ETA=39s] duoprism_19_19
  [duoprism_19_19] V=361 E=722
  [duoprism_19_19] 0 hits in 8.7s
[21:40:01] [169/170  98.8% elapsed=2202s ETA=26s] duoprism_19_20
  [duoprism_19_20] V=380 E=760
  [duoprism_19_20] 0 hits in 8.0s
[21:40:09] [170/170  99.4% elapsed=2210s ETA=13s] duoprism_20_20
  [duoprism_20_20] V=400 E=800
  [duoprism_20_20] 0 hits in 7.3s
=== done (2217.2s) ===
